
*** Running vivado
    with args -log riscv_axi_smc_1_0.vds -m64 -product Vivado -mode batch -messageDb vivado.pb -notrace -source riscv_axi_smc_1_0.tcl


****** Vivado v2022.1 (64-bit)
  **** SW Build 3526262 on Mon Apr 18 15:47:01 MDT 2022
  **** IP Build 3524634 on Mon Apr 18 20:55:01 MDT 2022
    ** Copyright 1986-2022 Xilinx, Inc. All Rights Reserved.

source riscv_axi_smc_1_0.tcl -notrace
create_project: Time (s): cpu = 00:00:08 ; elapsed = 00:00:06 . Memory (MB): peak = 2612.703 ; gain = 8.930 ; free physical = 1979 ; free virtual = 4913
Command: synth_design -top riscv_axi_smc_1_0 -part xc7a100tfgg676-2 -incremental_mode off -mode out_of_context
Starting synth_design
Attempting to get a license for feature 'Synthesis' and/or device 'xc7a100t'
INFO: [Common 17-349] Got license for feature 'Synthesis' and/or device 'xc7a100t'
INFO: [Device 21-403] Loading part xc7a100tfgg676-2
INFO: [Synth 8-7079] Multithreading enabled for synth_design using a maximum of 4 processes.
INFO: [Synth 8-7078] Launching helper process for spawning children vivado processes
INFO: [Synth 8-7075] Helper process launched with PID 190860
WARNING: [Synth 8-9501] generate block is allowed only inside loop and conditional generate in SystemVerilog mode [/home/imocanu/Xilinx/Vivado/2022.1/data/ip/xpm/xpm_fifo/hdl/xpm_fifo.sv:4023]
WARNING: [Synth 8-9501] generate block is allowed only inside loop and conditional generate in SystemVerilog mode [/home/imocanu/Public/Vivado_proj/for_RISCV/riscv-ml/vivado_proj/riscv-ml/riscv-ml.gen/sources_1/bd/riscv/ipshared/f0b6/hdl/sc_util_v1_0_vl_rfs.sv:2831]
WARNING: [Synth 8-9501] generate block is allowed only inside loop and conditional generate in SystemVerilog mode [/home/imocanu/Public/Vivado_proj/for_RISCV/riscv-ml/vivado_proj/riscv-ml/riscv-ml.gen/sources_1/bd/riscv/ipshared/f0b6/hdl/sc_util_v1_0_vl_rfs.sv:2899]
---------------------------------------------------------------------------------
Starting RTL Elaboration : Time (s): cpu = 00:00:05 ; elapsed = 00:00:05 . Memory (MB): peak = 2612.703 ; gain = 0.000 ; free physical = 1154 ; free virtual = 4077
---------------------------------------------------------------------------------
INFO: [Synth 8-6157] synthesizing module 'riscv_axi_smc_1_0' [/home/imocanu/Public/Vivado_proj/for_RISCV/riscv-ml/vivado_proj/riscv-ml/riscv-ml.gen/sources_1/bd/riscv/ip/riscv_axi_smc_1_0/synth/riscv_axi_smc_1_0.v:53]
INFO: [Synth 8-6157] synthesizing module 'bd_fe52' [/home/imocanu/Public/Vivado_proj/for_RISCV/riscv-ml/vivado_proj/riscv-ml/riscv-ml.gen/sources_1/bd/riscv/ip/riscv_axi_smc_1_0/bd_0/synth/bd_fe52.v:9]
INFO: [Synth 8-6157] synthesizing module 'clk_map_imp_4PYXJS' [/home/imocanu/Public/Vivado_proj/for_RISCV/riscv-ml/vivado_proj/riscv-ml/riscv-ml.gen/sources_1/bd/riscv/ip/riscv_axi_smc_1_0/bd_0/synth/bd_fe52.v:788]
INFO: [Synth 8-6157] synthesizing module 'bd_fe52_one_0' [/home/imocanu/Public/Vivado_proj/for_RISCV/riscv-ml/vivado_proj/riscv-ml/riscv-ml.gen/sources_1/bd/riscv/ip/riscv_axi_smc_1_0/bd_0/ip/ip_0/synth/bd_fe52_one_0.v:53]
INFO: [Synth 8-6157] synthesizing module 'xlconstant_v1_1_7_xlconstant' [/home/imocanu/Public/Vivado_proj/for_RISCV/riscv-ml/vivado_proj/riscv-ml/riscv-ml.gen/sources_1/bd/riscv/ipshared/fcfc/hdl/xlconstant_v1_1_vl_rfs.v:23]
INFO: [Synth 8-6155] done synthesizing module 'xlconstant_v1_1_7_xlconstant' (0#1) [/home/imocanu/Public/Vivado_proj/for_RISCV/riscv-ml/vivado_proj/riscv-ml/riscv-ml.gen/sources_1/bd/riscv/ipshared/fcfc/hdl/xlconstant_v1_1_vl_rfs.v:23]
INFO: [Synth 8-6155] done synthesizing module 'bd_fe52_one_0' (0#1) [/home/imocanu/Public/Vivado_proj/for_RISCV/riscv-ml/vivado_proj/riscv-ml/riscv-ml.gen/sources_1/bd/riscv/ip/riscv_axi_smc_1_0/bd_0/ip/ip_0/synth/bd_fe52_one_0.v:53]
INFO: [Synth 8-638] synthesizing module 'bd_fe52_psr0_0' [/home/imocanu/Public/Vivado_proj/for_RISCV/riscv-ml/vivado_proj/riscv-ml/riscv-ml.gen/sources_1/bd/riscv/ip/riscv_axi_smc_1_0/bd_0/ip/ip_1/synth/bd_fe52_psr0_0.vhd:74]
	Parameter C_FAMILY bound to: artix7 - type: string 
	Parameter C_EXT_RST_WIDTH bound to: 4 - type: integer 
	Parameter C_AUX_RST_WIDTH bound to: 1 - type: integer 
	Parameter C_EXT_RESET_HIGH bound to: 1'b0 
	Parameter C_AUX_RESET_HIGH bound to: 1'b0 
	Parameter C_NUM_BUS_RST bound to: 1 - type: integer 
	Parameter C_NUM_PERP_RST bound to: 1 - type: integer 
	Parameter C_NUM_INTERCONNECT_ARESETN bound to: 1 - type: integer 
	Parameter C_NUM_PERP_ARESETN bound to: 1 - type: integer 
INFO: [Synth 8-3491] module 'proc_sys_reset' declared at '/home/imocanu/Public/Vivado_proj/for_RISCV/riscv-ml/vivado_proj/riscv-ml/riscv-ml.gen/sources_1/bd/riscv/ipshared/8842/hdl/proc_sys_reset_v5_0_vh_rfs.vhd:1264' bound to instance 'U0' of component 'proc_sys_reset' [/home/imocanu/Public/Vivado_proj/for_RISCV/riscv-ml/vivado_proj/riscv-ml/riscv-ml.gen/sources_1/bd/riscv/ip/riscv_axi_smc_1_0/bd_0/ip/ip_1/synth/bd_fe52_psr0_0.vhd:129]
INFO: [Synth 8-638] synthesizing module 'proc_sys_reset' [/home/imocanu/Public/Vivado_proj/for_RISCV/riscv-ml/vivado_proj/riscv-ml/riscv-ml.gen/sources_1/bd/riscv/ipshared/8842/hdl/proc_sys_reset_v5_0_vh_rfs.vhd:1323]
	Parameter INIT bound to: 1'b1 
INFO: [Synth 8-113] binding component instance 'FDRE_inst' to cell 'FDRE' [/home/imocanu/Public/Vivado_proj/for_RISCV/riscv-ml/vivado_proj/riscv-ml/riscv-ml.gen/sources_1/bd/riscv/ipshared/8842/hdl/proc_sys_reset_v5_0_vh_rfs.vhd:1392]
	Parameter INIT bound to: 1'b1 
INFO: [Synth 8-113] binding component instance 'FDRE_BSR' to cell 'FDRE' [/home/imocanu/Public/Vivado_proj/for_RISCV/riscv-ml/vivado_proj/riscv-ml/riscv-ml.gen/sources_1/bd/riscv/ipshared/8842/hdl/proc_sys_reset_v5_0_vh_rfs.vhd:1408]
	Parameter INIT bound to: 1'b0 
INFO: [Synth 8-113] binding component instance 'FDRE_BSR_N' to cell 'FDRE' [/home/imocanu/Public/Vivado_proj/for_RISCV/riscv-ml/vivado_proj/riscv-ml/riscv-ml.gen/sources_1/bd/riscv/ipshared/8842/hdl/proc_sys_reset_v5_0_vh_rfs.vhd:1434]
	Parameter INIT bound to: 1'b1 
INFO: [Synth 8-113] binding component instance 'FDRE_PER' to cell 'FDRE' [/home/imocanu/Public/Vivado_proj/for_RISCV/riscv-ml/vivado_proj/riscv-ml/riscv-ml.gen/sources_1/bd/riscv/ipshared/8842/hdl/proc_sys_reset_v5_0_vh_rfs.vhd:1457]
	Parameter INIT bound to: 1'b0 
INFO: [Synth 8-113] binding component instance 'FDRE_PER_N' to cell 'FDRE' [/home/imocanu/Public/Vivado_proj/for_RISCV/riscv-ml/vivado_proj/riscv-ml/riscv-ml.gen/sources_1/bd/riscv/ipshared/8842/hdl/proc_sys_reset_v5_0_vh_rfs.vhd:1481]
INFO: [Synth 8-638] synthesizing module 'lpf' [/home/imocanu/Public/Vivado_proj/for_RISCV/riscv-ml/vivado_proj/riscv-ml/riscv-ml.gen/sources_1/bd/riscv/ipshared/8842/hdl/proc_sys_reset_v5_0_vh_rfs.vhd:816]
INFO: [Synth 8-3491] module 'SRL16' declared at '/home/imocanu/Xilinx/Vivado/2022.1/scripts/rt/data/unisim_comp.v:105982' bound to instance 'POR_SRL_I' of component 'SRL16' [/home/imocanu/Public/Vivado_proj/for_RISCV/riscv-ml/vivado_proj/riscv-ml/riscv-ml.gen/sources_1/bd/riscv/ipshared/8842/hdl/proc_sys_reset_v5_0_vh_rfs.vhd:868]
INFO: [Synth 8-6157] synthesizing module 'SRL16' [/home/imocanu/Xilinx/Vivado/2022.1/scripts/rt/data/unisim_comp.v:105982]
INFO: [Synth 8-6155] done synthesizing module 'SRL16' (0#1) [/home/imocanu/Xilinx/Vivado/2022.1/scripts/rt/data/unisim_comp.v:105982]
INFO: [Synth 8-638] synthesizing module 'cdc_sync' [/home/imocanu/Public/Vivado_proj/for_RISCV/riscv-ml/vivado_proj/riscv-ml/riscv-ml.gen/sources_1/bd/riscv/ipshared/ef1e/hdl/lib_cdc_v1_0_rfs.vhd:106]
	Parameter INIT bound to: 1'b0 
INFO: [Synth 8-113] binding component instance 'CROSS_PLEVEL_IN2SCNDRY_IN_cdc_to' to cell 'FDR' [/home/imocanu/Public/Vivado_proj/for_RISCV/riscv-ml/vivado_proj/riscv-ml/riscv-ml.gen/sources_1/bd/riscv/ipshared/ef1e/hdl/lib_cdc_v1_0_rfs.vhd:514]
	Parameter INIT bound to: 1'b0 
INFO: [Synth 8-113] binding component instance 'CROSS_PLEVEL_IN2SCNDRY_s_level_out_d2' to cell 'FDR' [/home/imocanu/Public/Vivado_proj/for_RISCV/riscv-ml/vivado_proj/riscv-ml/riscv-ml.gen/sources_1/bd/riscv/ipshared/ef1e/hdl/lib_cdc_v1_0_rfs.vhd:545]
	Parameter INIT bound to: 1'b0 
INFO: [Synth 8-113] binding component instance 'CROSS_PLEVEL_IN2SCNDRY_s_level_out_d3' to cell 'FDR' [/home/imocanu/Public/Vivado_proj/for_RISCV/riscv-ml/vivado_proj/riscv-ml/riscv-ml.gen/sources_1/bd/riscv/ipshared/ef1e/hdl/lib_cdc_v1_0_rfs.vhd:554]
	Parameter INIT bound to: 1'b0 
INFO: [Synth 8-113] binding component instance 'CROSS_PLEVEL_IN2SCNDRY_s_level_out_d4' to cell 'FDR' [/home/imocanu/Public/Vivado_proj/for_RISCV/riscv-ml/vivado_proj/riscv-ml/riscv-ml.gen/sources_1/bd/riscv/ipshared/ef1e/hdl/lib_cdc_v1_0_rfs.vhd:564]
	Parameter INIT bound to: 1'b0 
INFO: [Synth 8-113] binding component instance 'CROSS_PLEVEL_IN2SCNDRY_s_level_out_d5' to cell 'FDR' [/home/imocanu/Public/Vivado_proj/for_RISCV/riscv-ml/vivado_proj/riscv-ml/riscv-ml.gen/sources_1/bd/riscv/ipshared/ef1e/hdl/lib_cdc_v1_0_rfs.vhd:574]
	Parameter INIT bound to: 1'b0 
INFO: [Synth 8-113] binding component instance 'CROSS_PLEVEL_IN2SCNDRY_s_level_out_d6' to cell 'FDR' [/home/imocanu/Public/Vivado_proj/for_RISCV/riscv-ml/vivado_proj/riscv-ml/riscv-ml.gen/sources_1/bd/riscv/ipshared/ef1e/hdl/lib_cdc_v1_0_rfs.vhd:584]
INFO: [Synth 8-256] done synthesizing module 'cdc_sync' (0#1) [/home/imocanu/Public/Vivado_proj/for_RISCV/riscv-ml/vivado_proj/riscv-ml/riscv-ml.gen/sources_1/bd/riscv/ipshared/ef1e/hdl/lib_cdc_v1_0_rfs.vhd:106]
INFO: [Synth 8-256] done synthesizing module 'lpf' (0#1) [/home/imocanu/Public/Vivado_proj/for_RISCV/riscv-ml/vivado_proj/riscv-ml/riscv-ml.gen/sources_1/bd/riscv/ipshared/8842/hdl/proc_sys_reset_v5_0_vh_rfs.vhd:816]
INFO: [Synth 8-638] synthesizing module 'sequence_psr' [/home/imocanu/Public/Vivado_proj/for_RISCV/riscv-ml/vivado_proj/riscv-ml/riscv-ml.gen/sources_1/bd/riscv/ipshared/8842/hdl/proc_sys_reset_v5_0_vh_rfs.vhd:301]
INFO: [Synth 8-638] synthesizing module 'upcnt_n' [/home/imocanu/Public/Vivado_proj/for_RISCV/riscv-ml/vivado_proj/riscv-ml/riscv-ml.gen/sources_1/bd/riscv/ipshared/8842/hdl/proc_sys_reset_v5_0_vh_rfs.vhd:125]
INFO: [Synth 8-256] done synthesizing module 'upcnt_n' (0#1) [/home/imocanu/Public/Vivado_proj/for_RISCV/riscv-ml/vivado_proj/riscv-ml/riscv-ml.gen/sources_1/bd/riscv/ipshared/8842/hdl/proc_sys_reset_v5_0_vh_rfs.vhd:125]
INFO: [Synth 8-256] done synthesizing module 'sequence_psr' (0#1) [/home/imocanu/Public/Vivado_proj/for_RISCV/riscv-ml/vivado_proj/riscv-ml/riscv-ml.gen/sources_1/bd/riscv/ipshared/8842/hdl/proc_sys_reset_v5_0_vh_rfs.vhd:301]
INFO: [Synth 8-256] done synthesizing module 'proc_sys_reset' (0#1) [/home/imocanu/Public/Vivado_proj/for_RISCV/riscv-ml/vivado_proj/riscv-ml/riscv-ml.gen/sources_1/bd/riscv/ipshared/8842/hdl/proc_sys_reset_v5_0_vh_rfs.vhd:1323]
INFO: [Synth 8-256] done synthesizing module 'bd_fe52_psr0_0' (0#1) [/home/imocanu/Public/Vivado_proj/for_RISCV/riscv-ml/vivado_proj/riscv-ml/riscv-ml.gen/sources_1/bd/riscv/ip/riscv_axi_smc_1_0/bd_0/ip/ip_1/synth/bd_fe52_psr0_0.vhd:74]
WARNING: [Synth 8-7071] port 'mb_reset' of module 'bd_fe52_psr0_0' is unconnected for instance 'psr0' [/home/imocanu/Public/Vivado_proj/for_RISCV/riscv-ml/vivado_proj/riscv-ml/riscv-ml.gen/sources_1/bd/riscv/ip/riscv_axi_smc_1_0/bd_0/synth/bd_fe52.v:829]
WARNING: [Synth 8-7071] port 'bus_struct_reset' of module 'bd_fe52_psr0_0' is unconnected for instance 'psr0' [/home/imocanu/Public/Vivado_proj/for_RISCV/riscv-ml/vivado_proj/riscv-ml/riscv-ml.gen/sources_1/bd/riscv/ip/riscv_axi_smc_1_0/bd_0/synth/bd_fe52.v:829]
WARNING: [Synth 8-7071] port 'peripheral_reset' of module 'bd_fe52_psr0_0' is unconnected for instance 'psr0' [/home/imocanu/Public/Vivado_proj/for_RISCV/riscv-ml/vivado_proj/riscv-ml/riscv-ml.gen/sources_1/bd/riscv/ip/riscv_axi_smc_1_0/bd_0/synth/bd_fe52.v:829]
WARNING: [Synth 8-7071] port 'peripheral_aresetn' of module 'bd_fe52_psr0_0' is unconnected for instance 'psr0' [/home/imocanu/Public/Vivado_proj/for_RISCV/riscv-ml/vivado_proj/riscv-ml/riscv-ml.gen/sources_1/bd/riscv/ip/riscv_axi_smc_1_0/bd_0/synth/bd_fe52.v:829]
WARNING: [Synth 8-7023] instance 'psr0' of module 'bd_fe52_psr0_0' has 10 connections declared, but only 6 given [/home/imocanu/Public/Vivado_proj/for_RISCV/riscv-ml/vivado_proj/riscv-ml/riscv-ml.gen/sources_1/bd/riscv/ip/riscv_axi_smc_1_0/bd_0/synth/bd_fe52.v:829]
INFO: [Synth 8-638] synthesizing module 'bd_fe52_psr_aclk_0' [/home/imocanu/Public/Vivado_proj/for_RISCV/riscv-ml/vivado_proj/riscv-ml/riscv-ml.gen/sources_1/bd/riscv/ip/riscv_axi_smc_1_0/bd_0/ip/ip_2/synth/bd_fe52_psr_aclk_0.vhd:74]
	Parameter C_FAMILY bound to: artix7 - type: string 
	Parameter C_EXT_RST_WIDTH bound to: 4 - type: integer 
	Parameter C_AUX_RST_WIDTH bound to: 1 - type: integer 
	Parameter C_EXT_RESET_HIGH bound to: 1'b0 
	Parameter C_AUX_RESET_HIGH bound to: 1'b0 
	Parameter C_NUM_BUS_RST bound to: 1 - type: integer 
	Parameter C_NUM_PERP_RST bound to: 1 - type: integer 
	Parameter C_NUM_INTERCONNECT_ARESETN bound to: 1 - type: integer 
	Parameter C_NUM_PERP_ARESETN bound to: 1 - type: integer 
INFO: [Synth 8-3491] module 'proc_sys_reset' declared at '/home/imocanu/Public/Vivado_proj/for_RISCV/riscv-ml/vivado_proj/riscv-ml/riscv-ml.gen/sources_1/bd/riscv/ipshared/8842/hdl/proc_sys_reset_v5_0_vh_rfs.vhd:1264' bound to instance 'U0' of component 'proc_sys_reset' [/home/imocanu/Public/Vivado_proj/for_RISCV/riscv-ml/vivado_proj/riscv-ml/riscv-ml.gen/sources_1/bd/riscv/ip/riscv_axi_smc_1_0/bd_0/ip/ip_2/synth/bd_fe52_psr_aclk_0.vhd:129]
INFO: [Synth 8-256] done synthesizing module 'bd_fe52_psr_aclk_0' (0#1) [/home/imocanu/Public/Vivado_proj/for_RISCV/riscv-ml/vivado_proj/riscv-ml/riscv-ml.gen/sources_1/bd/riscv/ip/riscv_axi_smc_1_0/bd_0/ip/ip_2/synth/bd_fe52_psr_aclk_0.vhd:74]
WARNING: [Synth 8-7071] port 'mb_reset' of module 'bd_fe52_psr_aclk_0' is unconnected for instance 'psr_aclk' [/home/imocanu/Public/Vivado_proj/for_RISCV/riscv-ml/vivado_proj/riscv-ml/riscv-ml.gen/sources_1/bd/riscv/ip/riscv_axi_smc_1_0/bd_0/synth/bd_fe52.v:836]
WARNING: [Synth 8-7071] port 'bus_struct_reset' of module 'bd_fe52_psr_aclk_0' is unconnected for instance 'psr_aclk' [/home/imocanu/Public/Vivado_proj/for_RISCV/riscv-ml/vivado_proj/riscv-ml/riscv-ml.gen/sources_1/bd/riscv/ip/riscv_axi_smc_1_0/bd_0/synth/bd_fe52.v:836]
WARNING: [Synth 8-7071] port 'peripheral_reset' of module 'bd_fe52_psr_aclk_0' is unconnected for instance 'psr_aclk' [/home/imocanu/Public/Vivado_proj/for_RISCV/riscv-ml/vivado_proj/riscv-ml/riscv-ml.gen/sources_1/bd/riscv/ip/riscv_axi_smc_1_0/bd_0/synth/bd_fe52.v:836]
WARNING: [Synth 8-7071] port 'peripheral_aresetn' of module 'bd_fe52_psr_aclk_0' is unconnected for instance 'psr_aclk' [/home/imocanu/Public/Vivado_proj/for_RISCV/riscv-ml/vivado_proj/riscv-ml/riscv-ml.gen/sources_1/bd/riscv/ip/riscv_axi_smc_1_0/bd_0/synth/bd_fe52.v:836]
WARNING: [Synth 8-7023] instance 'psr_aclk' of module 'bd_fe52_psr_aclk_0' has 10 connections declared, but only 6 given [/home/imocanu/Public/Vivado_proj/for_RISCV/riscv-ml/vivado_proj/riscv-ml/riscv-ml.gen/sources_1/bd/riscv/ip/riscv_axi_smc_1_0/bd_0/synth/bd_fe52.v:836]
INFO: [Synth 8-638] synthesizing module 'bd_fe52_psr_aclk1_0' [/home/imocanu/Public/Vivado_proj/for_RISCV/riscv-ml/vivado_proj/riscv-ml/riscv-ml.gen/sources_1/bd/riscv/ip/riscv_axi_smc_1_0/bd_0/ip/ip_3/synth/bd_fe52_psr_aclk1_0.vhd:74]
	Parameter C_FAMILY bound to: artix7 - type: string 
	Parameter C_EXT_RST_WIDTH bound to: 4 - type: integer 
	Parameter C_AUX_RST_WIDTH bound to: 1 - type: integer 
	Parameter C_EXT_RESET_HIGH bound to: 1'b0 
	Parameter C_AUX_RESET_HIGH bound to: 1'b0 
	Parameter C_NUM_BUS_RST bound to: 1 - type: integer 
	Parameter C_NUM_PERP_RST bound to: 1 - type: integer 
	Parameter C_NUM_INTERCONNECT_ARESETN bound to: 1 - type: integer 
	Parameter C_NUM_PERP_ARESETN bound to: 1 - type: integer 
INFO: [Synth 8-3491] module 'proc_sys_reset' declared at '/home/imocanu/Public/Vivado_proj/for_RISCV/riscv-ml/vivado_proj/riscv-ml/riscv-ml.gen/sources_1/bd/riscv/ipshared/8842/hdl/proc_sys_reset_v5_0_vh_rfs.vhd:1264' bound to instance 'U0' of component 'proc_sys_reset' [/home/imocanu/Public/Vivado_proj/for_RISCV/riscv-ml/vivado_proj/riscv-ml/riscv-ml.gen/sources_1/bd/riscv/ip/riscv_axi_smc_1_0/bd_0/ip/ip_3/synth/bd_fe52_psr_aclk1_0.vhd:129]
INFO: [Synth 8-256] done synthesizing module 'bd_fe52_psr_aclk1_0' (0#1) [/home/imocanu/Public/Vivado_proj/for_RISCV/riscv-ml/vivado_proj/riscv-ml/riscv-ml.gen/sources_1/bd/riscv/ip/riscv_axi_smc_1_0/bd_0/ip/ip_3/synth/bd_fe52_psr_aclk1_0.vhd:74]
WARNING: [Synth 8-7071] port 'mb_reset' of module 'bd_fe52_psr_aclk1_0' is unconnected for instance 'psr_aclk1' [/home/imocanu/Public/Vivado_proj/for_RISCV/riscv-ml/vivado_proj/riscv-ml/riscv-ml.gen/sources_1/bd/riscv/ip/riscv_axi_smc_1_0/bd_0/synth/bd_fe52.v:843]
WARNING: [Synth 8-7071] port 'bus_struct_reset' of module 'bd_fe52_psr_aclk1_0' is unconnected for instance 'psr_aclk1' [/home/imocanu/Public/Vivado_proj/for_RISCV/riscv-ml/vivado_proj/riscv-ml/riscv-ml.gen/sources_1/bd/riscv/ip/riscv_axi_smc_1_0/bd_0/synth/bd_fe52.v:843]
WARNING: [Synth 8-7071] port 'peripheral_reset' of module 'bd_fe52_psr_aclk1_0' is unconnected for instance 'psr_aclk1' [/home/imocanu/Public/Vivado_proj/for_RISCV/riscv-ml/vivado_proj/riscv-ml/riscv-ml.gen/sources_1/bd/riscv/ip/riscv_axi_smc_1_0/bd_0/synth/bd_fe52.v:843]
WARNING: [Synth 8-7071] port 'peripheral_aresetn' of module 'bd_fe52_psr_aclk1_0' is unconnected for instance 'psr_aclk1' [/home/imocanu/Public/Vivado_proj/for_RISCV/riscv-ml/vivado_proj/riscv-ml/riscv-ml.gen/sources_1/bd/riscv/ip/riscv_axi_smc_1_0/bd_0/synth/bd_fe52.v:843]
WARNING: [Synth 8-7023] instance 'psr_aclk1' of module 'bd_fe52_psr_aclk1_0' has 10 connections declared, but only 6 given [/home/imocanu/Public/Vivado_proj/for_RISCV/riscv-ml/vivado_proj/riscv-ml/riscv-ml.gen/sources_1/bd/riscv/ip/riscv_axi_smc_1_0/bd_0/synth/bd_fe52.v:843]
INFO: [Synth 8-6155] done synthesizing module 'clk_map_imp_4PYXJS' (0#1) [/home/imocanu/Public/Vivado_proj/for_RISCV/riscv-ml/vivado_proj/riscv-ml/riscv-ml.gen/sources_1/bd/riscv/ip/riscv_axi_smc_1_0/bd_0/synth/bd_fe52.v:788]
INFO: [Synth 8-6157] synthesizing module 'm00_exit_pipeline_imp_1SU1NR7' [/home/imocanu/Public/Vivado_proj/for_RISCV/riscv-ml/vivado_proj/riscv-ml/riscv-ml.gen/sources_1/bd/riscv/ip/riscv_axi_smc_1_0/bd_0/synth/bd_fe52.v:852]
INFO: [Synth 8-6157] synthesizing module 'bd_fe52_m00e_0' [/home/imocanu/Public/Vivado_proj/for_RISCV/riscv-ml/vivado_proj/riscv-ml/riscv-ml.gen/sources_1/bd/riscv/ip/riscv_axi_smc_1_0/bd_0/ip/ip_14/synth/bd_fe52_m00e_0.sv:53]
INFO: [Synth 8-6157] synthesizing module 'xpm_cdc_async_rst' [/home/imocanu/Xilinx/Vivado/2022.1/data/ip/xpm/xpm_cdc/hdl/xpm_cdc.sv:1174]
INFO: [Synth 8-6155] done synthesizing module 'xpm_cdc_async_rst' (0#1) [/home/imocanu/Xilinx/Vivado/2022.1/data/ip/xpm/xpm_cdc/hdl/xpm_cdc.sv:1174]
INFO: [Synth 8-6155] done synthesizing module 'bd_fe52_m00e_0' (0#1) [/home/imocanu/Public/Vivado_proj/for_RISCV/riscv-ml/vivado_proj/riscv-ml/riscv-ml.gen/sources_1/bd/riscv/ip/riscv_axi_smc_1_0/bd_0/ip/ip_14/synth/bd_fe52_m00e_0.sv:53]
INFO: [Synth 8-6155] done synthesizing module 'm00_exit_pipeline_imp_1SU1NR7' (0#1) [/home/imocanu/Public/Vivado_proj/for_RISCV/riscv-ml/vivado_proj/riscv-ml/riscv-ml.gen/sources_1/bd/riscv/ip/riscv_axi_smc_1_0/bd_0/synth/bd_fe52.v:852]
INFO: [Synth 8-6157] synthesizing module 'bd_fe52_m00s2a_0' [/home/imocanu/Public/Vivado_proj/for_RISCV/riscv-ml/vivado_proj/riscv-ml/riscv-ml.gen/sources_1/bd/riscv/ip/riscv_axi_smc_1_0/bd_0/ip/ip_13/synth/bd_fe52_m00s2a_0.sv:53]
INFO: [Synth 8-6155] done synthesizing module 'bd_fe52_m00s2a_0' (0#1) [/home/imocanu/Public/Vivado_proj/for_RISCV/riscv-ml/vivado_proj/riscv-ml/riscv-ml.gen/sources_1/bd/riscv/ip/riscv_axi_smc_1_0/bd_0/ip/ip_13/synth/bd_fe52_m00s2a_0.sv:53]
INFO: [Synth 8-6157] synthesizing module 'bd_fe52_s00a2s_0' [/home/imocanu/Public/Vivado_proj/for_RISCV/riscv-ml/vivado_proj/riscv-ml/riscv-ml.gen/sources_1/bd/riscv/ip/riscv_axi_smc_1_0/bd_0/ip/ip_7/synth/bd_fe52_s00a2s_0.sv:53]
INFO: [Synth 8-6155] done synthesizing module 'bd_fe52_s00a2s_0' (0#1) [/home/imocanu/Public/Vivado_proj/for_RISCV/riscv-ml/vivado_proj/riscv-ml/riscv-ml.gen/sources_1/bd/riscv/ip/riscv_axi_smc_1_0/bd_0/ip/ip_7/synth/bd_fe52_s00a2s_0.sv:53]
INFO: [Synth 8-6157] synthesizing module 's00_entry_pipeline_imp_TJWV40' [/home/imocanu/Public/Vivado_proj/for_RISCV/riscv-ml/vivado_proj/riscv-ml/riscv-ml.gen/sources_1/bd/riscv/ip/riscv_axi_smc_1_0/bd_0/synth/bd_fe52.v:1223]
INFO: [Synth 8-6157] synthesizing module 'bd_fe52_s00mmu_0' [/home/imocanu/Public/Vivado_proj/for_RISCV/riscv-ml/vivado_proj/riscv-ml/riscv-ml.gen/sources_1/bd/riscv/ip/riscv_axi_smc_1_0/bd_0/ip/ip_4/synth/bd_fe52_s00mmu_0.sv:53]
INFO: [Synth 8-6155] done synthesizing module 'bd_fe52_s00mmu_0' (0#1) [/home/imocanu/Public/Vivado_proj/for_RISCV/riscv-ml/vivado_proj/riscv-ml/riscv-ml.gen/sources_1/bd/riscv/ip/riscv_axi_smc_1_0/bd_0/ip/ip_4/synth/bd_fe52_s00mmu_0.sv:53]
INFO: [Synth 8-6157] synthesizing module 'bd_fe52_s00sic_0' [/home/imocanu/Public/Vivado_proj/for_RISCV/riscv-ml/vivado_proj/riscv-ml/riscv-ml.gen/sources_1/bd/riscv/ip/riscv_axi_smc_1_0/bd_0/ip/ip_6/synth/bd_fe52_s00sic_0.sv:53]
INFO: [Synth 8-6155] done synthesizing module 'bd_fe52_s00sic_0' (0#1) [/home/imocanu/Public/Vivado_proj/for_RISCV/riscv-ml/vivado_proj/riscv-ml/riscv-ml.gen/sources_1/bd/riscv/ip/riscv_axi_smc_1_0/bd_0/ip/ip_6/synth/bd_fe52_s00sic_0.sv:53]
INFO: [Synth 8-6157] synthesizing module 'bd_fe52_s00tr_0' [/home/imocanu/Public/Vivado_proj/for_RISCV/riscv-ml/vivado_proj/riscv-ml/riscv-ml.gen/sources_1/bd/riscv/ip/riscv_axi_smc_1_0/bd_0/ip/ip_5/synth/bd_fe52_s00tr_0.sv:53]
INFO: [Synth 8-6155] done synthesizing module 'bd_fe52_s00tr_0' (0#1) [/home/imocanu/Public/Vivado_proj/for_RISCV/riscv-ml/vivado_proj/riscv-ml/riscv-ml.gen/sources_1/bd/riscv/ip/riscv_axi_smc_1_0/bd_0/ip/ip_5/synth/bd_fe52_s00tr_0.sv:53]
INFO: [Synth 8-6155] done synthesizing module 's00_entry_pipeline_imp_TJWV40' (0#1) [/home/imocanu/Public/Vivado_proj/for_RISCV/riscv-ml/vivado_proj/riscv-ml/riscv-ml.gen/sources_1/bd/riscv/ip/riscv_axi_smc_1_0/bd_0/synth/bd_fe52.v:1223]
INFO: [Synth 8-6157] synthesizing module 's00_nodes_imp_ZAW716' [/home/imocanu/Public/Vivado_proj/for_RISCV/riscv-ml/vivado_proj/riscv-ml/riscv-ml.gen/sources_1/bd/riscv/ip/riscv_axi_smc_1_0/bd_0/synth/bd_fe52.v:1872]
INFO: [Synth 8-6157] synthesizing module 'bd_fe52_sarn_0' [/home/imocanu/Public/Vivado_proj/for_RISCV/riscv-ml/vivado_proj/riscv-ml/riscv-ml.gen/sources_1/bd/riscv/ip/riscv_axi_smc_1_0/bd_0/ip/ip_8/synth/bd_fe52_sarn_0.sv:53]
INFO: [Synth 8-6157] synthesizing module 'xpm_memory_sdpram' [/home/imocanu/Xilinx/Vivado/2022.1/data/ip/xpm/xpm_memory/hdl/xpm_memory.sv:8476]
INFO: [Synth 8-6157] synthesizing module 'xpm_memory_base' [/home/imocanu/Xilinx/Vivado/2022.1/data/ip/xpm/xpm_memory/hdl/xpm_memory.sv:56]
INFO: [Synth 8-6155] done synthesizing module 'xpm_memory_base' (0#1) [/home/imocanu/Xilinx/Vivado/2022.1/data/ip/xpm/xpm_memory/hdl/xpm_memory.sv:56]
INFO: [Synth 8-6155] done synthesizing module 'xpm_memory_sdpram' (0#1) [/home/imocanu/Xilinx/Vivado/2022.1/data/ip/xpm/xpm_memory/hdl/xpm_memory.sv:8476]
INFO: [Synth 8-6157] synthesizing module 'xpm_cdc_gray' [/home/imocanu/Xilinx/Vivado/2022.1/data/ip/xpm/xpm_cdc/hdl/xpm_cdc.sv:283]
INFO: [Synth 8-6155] done synthesizing module 'xpm_cdc_gray' (0#1) [/home/imocanu/Xilinx/Vivado/2022.1/data/ip/xpm/xpm_cdc/hdl/xpm_cdc.sv:283]
INFO: [Synth 8-6155] done synthesizing module 'bd_fe52_sarn_0' (0#1) [/home/imocanu/Public/Vivado_proj/for_RISCV/riscv-ml/vivado_proj/riscv-ml/riscv-ml.gen/sources_1/bd/riscv/ip/riscv_axi_smc_1_0/bd_0/ip/ip_8/synth/bd_fe52_sarn_0.sv:53]
INFO: [Synth 8-6157] synthesizing module 'bd_fe52_sawn_0' [/home/imocanu/Public/Vivado_proj/for_RISCV/riscv-ml/vivado_proj/riscv-ml/riscv-ml.gen/sources_1/bd/riscv/ip/riscv_axi_smc_1_0/bd_0/ip/ip_10/synth/bd_fe52_sawn_0.sv:53]
INFO: [Synth 8-6155] done synthesizing module 'bd_fe52_sawn_0' (0#1) [/home/imocanu/Public/Vivado_proj/for_RISCV/riscv-ml/vivado_proj/riscv-ml/riscv-ml.gen/sources_1/bd/riscv/ip/riscv_axi_smc_1_0/bd_0/ip/ip_10/synth/bd_fe52_sawn_0.sv:53]
INFO: [Synth 8-6157] synthesizing module 'bd_fe52_sbn_0' [/home/imocanu/Public/Vivado_proj/for_RISCV/riscv-ml/vivado_proj/riscv-ml/riscv-ml.gen/sources_1/bd/riscv/ip/riscv_axi_smc_1_0/bd_0/ip/ip_12/synth/bd_fe52_sbn_0.sv:53]
INFO: [Synth 8-6157] synthesizing module 'xpm_memory_sdpram__parameterized0' [/home/imocanu/Xilinx/Vivado/2022.1/data/ip/xpm/xpm_memory/hdl/xpm_memory.sv:8476]
INFO: [Synth 8-6157] synthesizing module 'xpm_memory_base__parameterized0' [/home/imocanu/Xilinx/Vivado/2022.1/data/ip/xpm/xpm_memory/hdl/xpm_memory.sv:56]
INFO: [Synth 8-6155] done synthesizing module 'xpm_memory_base__parameterized0' (0#1) [/home/imocanu/Xilinx/Vivado/2022.1/data/ip/xpm/xpm_memory/hdl/xpm_memory.sv:56]
INFO: [Synth 8-6155] done synthesizing module 'xpm_memory_sdpram__parameterized0' (0#1) [/home/imocanu/Xilinx/Vivado/2022.1/data/ip/xpm/xpm_memory/hdl/xpm_memory.sv:8476]
INFO: [Synth 8-6155] done synthesizing module 'bd_fe52_sbn_0' (0#1) [/home/imocanu/Public/Vivado_proj/for_RISCV/riscv-ml/vivado_proj/riscv-ml/riscv-ml.gen/sources_1/bd/riscv/ip/riscv_axi_smc_1_0/bd_0/ip/ip_12/synth/bd_fe52_sbn_0.sv:53]
INFO: [Synth 8-6157] synthesizing module 'bd_fe52_srn_0' [/home/imocanu/Public/Vivado_proj/for_RISCV/riscv-ml/vivado_proj/riscv-ml/riscv-ml.gen/sources_1/bd/riscv/ip/riscv_axi_smc_1_0/bd_0/ip/ip_9/synth/bd_fe52_srn_0.sv:53]
INFO: [Synth 8-6157] synthesizing module 'xpm_memory_sdpram__parameterized1' [/home/imocanu/Xilinx/Vivado/2022.1/data/ip/xpm/xpm_memory/hdl/xpm_memory.sv:8476]
INFO: [Synth 8-6157] synthesizing module 'xpm_memory_base__parameterized1' [/home/imocanu/Xilinx/Vivado/2022.1/data/ip/xpm/xpm_memory/hdl/xpm_memory.sv:56]
INFO: [Synth 8-6155] done synthesizing module 'xpm_memory_base__parameterized1' (0#1) [/home/imocanu/Xilinx/Vivado/2022.1/data/ip/xpm/xpm_memory/hdl/xpm_memory.sv:56]
INFO: [Synth 8-6155] done synthesizing module 'xpm_memory_sdpram__parameterized1' (0#1) [/home/imocanu/Xilinx/Vivado/2022.1/data/ip/xpm/xpm_memory/hdl/xpm_memory.sv:8476]
INFO: [Synth 8-6155] done synthesizing module 'bd_fe52_srn_0' (0#1) [/home/imocanu/Public/Vivado_proj/for_RISCV/riscv-ml/vivado_proj/riscv-ml/riscv-ml.gen/sources_1/bd/riscv/ip/riscv_axi_smc_1_0/bd_0/ip/ip_9/synth/bd_fe52_srn_0.sv:53]
INFO: [Synth 8-6157] synthesizing module 'bd_fe52_swn_0' [/home/imocanu/Public/Vivado_proj/for_RISCV/riscv-ml/vivado_proj/riscv-ml/riscv-ml.gen/sources_1/bd/riscv/ip/riscv_axi_smc_1_0/bd_0/ip/ip_11/synth/bd_fe52_swn_0.sv:53]
INFO: [Synth 8-6157] synthesizing module 'xpm_memory_sdpram__parameterized2' [/home/imocanu/Xilinx/Vivado/2022.1/data/ip/xpm/xpm_memory/hdl/xpm_memory.sv:8476]
INFO: [Synth 8-6157] synthesizing module 'xpm_memory_base__parameterized2' [/home/imocanu/Xilinx/Vivado/2022.1/data/ip/xpm/xpm_memory/hdl/xpm_memory.sv:56]
INFO: [Synth 8-6155] done synthesizing module 'xpm_memory_base__parameterized2' (0#1) [/home/imocanu/Xilinx/Vivado/2022.1/data/ip/xpm/xpm_memory/hdl/xpm_memory.sv:56]
INFO: [Synth 8-6155] done synthesizing module 'xpm_memory_sdpram__parameterized2' (0#1) [/home/imocanu/Xilinx/Vivado/2022.1/data/ip/xpm/xpm_memory/hdl/xpm_memory.sv:8476]
INFO: [Synth 8-6155] done synthesizing module 'bd_fe52_swn_0' (0#1) [/home/imocanu/Public/Vivado_proj/for_RISCV/riscv-ml/vivado_proj/riscv-ml/riscv-ml.gen/sources_1/bd/riscv/ip/riscv_axi_smc_1_0/bd_0/ip/ip_11/synth/bd_fe52_swn_0.sv:53]
INFO: [Synth 8-6155] done synthesizing module 's00_nodes_imp_ZAW716' (0#1) [/home/imocanu/Public/Vivado_proj/for_RISCV/riscv-ml/vivado_proj/riscv-ml/riscv-ml.gen/sources_1/bd/riscv/ip/riscv_axi_smc_1_0/bd_0/synth/bd_fe52.v:1872]
INFO: [Synth 8-6155] done synthesizing module 'bd_fe52' (0#1) [/home/imocanu/Public/Vivado_proj/for_RISCV/riscv-ml/vivado_proj/riscv-ml/riscv-ml.gen/sources_1/bd/riscv/ip/riscv_axi_smc_1_0/bd_0/synth/bd_fe52.v:9]
INFO: [Synth 8-6155] done synthesizing module 'riscv_axi_smc_1_0' (0#1) [/home/imocanu/Public/Vivado_proj/for_RISCV/riscv-ml/vivado_proj/riscv-ml/riscv-ml.gen/sources_1/bd/riscv/ip/riscv_axi_smc_1_0/synth/riscv_axi_smc_1_0.v:53]
WARNING: [Synth 8-3848] Net aresetn_out in module/entity clk_map_imp_4PYXJS does not have driver. [/home/imocanu/Public/Vivado_proj/for_RISCV/riscv-ml/vivado_proj/riscv-ml/riscv-ml.gen/sources_1/bd/riscv/ip/riscv_axi_smc_1_0/bd_0/synth/bd_fe52.v:806]
WARNING: [Synth 8-6014] Unused sequential element dest_out_bin_ff_reg was removed.  [/home/imocanu/Xilinx/Vivado/2022.1/data/ip/xpm/xpm_cdc/hdl/xpm_cdc.sv:417]
WARNING: [Synth 8-7129] Port din[0] in module sc_util_v1_0_4_onehot_to_binary is either unconnected or has no load
WARNING: [Synth 8-7129] Port aclk in module sc_util_v1_0_4_pipeline__parameterized0 is either unconnected or has no load
WARNING: [Synth 8-7129] Port aclken in module sc_util_v1_0_4_pipeline__parameterized0 is either unconnected or has no load
WARNING: [Synth 8-7129] Port areset in module sc_util_v1_0_4_pipeline__parameterized0 is either unconnected or has no load
WARNING: [Synth 8-7129] Port s_sc_payld[159] in module sc_node_v1_0_14_ingress__parameterized3 is either unconnected or has no load
WARNING: [Synth 8-7129] Port s_sc_payld[158] in module sc_node_v1_0_14_ingress__parameterized3 is either unconnected or has no load
WARNING: [Synth 8-7129] Port s_sc_payld[157] in module sc_node_v1_0_14_ingress__parameterized3 is either unconnected or has no load
WARNING: [Synth 8-7129] Port s_sc_payld[156] in module sc_node_v1_0_14_ingress__parameterized3 is either unconnected or has no load
WARNING: [Synth 8-7129] Port s_sc_payld[155] in module sc_node_v1_0_14_ingress__parameterized3 is either unconnected or has no load
WARNING: [Synth 8-7129] Port s_sc_payld[154] in module sc_node_v1_0_14_ingress__parameterized3 is either unconnected or has no load
WARNING: [Synth 8-7129] Port s_sc_payld[153] in module sc_node_v1_0_14_ingress__parameterized3 is either unconnected or has no load
WARNING: [Synth 8-7129] Port s_sc_payld[152] in module sc_node_v1_0_14_ingress__parameterized3 is either unconnected or has no load
WARNING: [Synth 8-7129] Port s_sc_payld[151] in module sc_node_v1_0_14_ingress__parameterized3 is either unconnected or has no load
WARNING: [Synth 8-7129] Port s_sc_payld[150] in module sc_node_v1_0_14_ingress__parameterized3 is either unconnected or has no load
WARNING: [Synth 8-7129] Port s_sc_payld[149] in module sc_node_v1_0_14_ingress__parameterized3 is either unconnected or has no load
WARNING: [Synth 8-7129] Port s_sc_payld[148] in module sc_node_v1_0_14_ingress__parameterized3 is either unconnected or has no load
WARNING: [Synth 8-7129] Port s_sc_payld[147] in module sc_node_v1_0_14_ingress__parameterized3 is either unconnected or has no load
WARNING: [Synth 8-7129] Port s_sc_payld[146] in module sc_node_v1_0_14_ingress__parameterized3 is either unconnected or has no load
WARNING: [Synth 8-7129] Port s_sc_payld[145] in module sc_node_v1_0_14_ingress__parameterized3 is either unconnected or has no load
WARNING: [Synth 8-7129] Port s_sc_payld[144] in module sc_node_v1_0_14_ingress__parameterized3 is either unconnected or has no load
WARNING: [Synth 8-7129] Port s_sc_payld[143] in module sc_node_v1_0_14_ingress__parameterized3 is either unconnected or has no load
WARNING: [Synth 8-7129] Port s_sc_payld[142] in module sc_node_v1_0_14_ingress__parameterized3 is either unconnected or has no load
WARNING: [Synth 8-7129] Port s_sc_payld[141] in module sc_node_v1_0_14_ingress__parameterized3 is either unconnected or has no load
WARNING: [Synth 8-7129] Port s_sc_payld[140] in module sc_node_v1_0_14_ingress__parameterized3 is either unconnected or has no load
WARNING: [Synth 8-7129] Port s_sc_payld[139] in module sc_node_v1_0_14_ingress__parameterized3 is either unconnected or has no load
WARNING: [Synth 8-7129] Port s_sc_payld[138] in module sc_node_v1_0_14_ingress__parameterized3 is either unconnected or has no load
WARNING: [Synth 8-7129] Port s_sc_payld[137] in module sc_node_v1_0_14_ingress__parameterized3 is either unconnected or has no load
WARNING: [Synth 8-7129] Port s_sc_payld[136] in module sc_node_v1_0_14_ingress__parameterized3 is either unconnected or has no load
WARNING: [Synth 8-7129] Port s_sc_payld[135] in module sc_node_v1_0_14_ingress__parameterized3 is either unconnected or has no load
WARNING: [Synth 8-7129] Port s_sc_payld[134] in module sc_node_v1_0_14_ingress__parameterized3 is either unconnected or has no load
WARNING: [Synth 8-7129] Port s_sc_payld[133] in module sc_node_v1_0_14_ingress__parameterized3 is either unconnected or has no load
WARNING: [Synth 8-7129] Port s_sc_payld[132] in module sc_node_v1_0_14_ingress__parameterized3 is either unconnected or has no load
WARNING: [Synth 8-7129] Port s_sc_payld[131] in module sc_node_v1_0_14_ingress__parameterized3 is either unconnected or has no load
WARNING: [Synth 8-7129] Port s_sc_payld[130] in module sc_node_v1_0_14_ingress__parameterized3 is either unconnected or has no load
WARNING: [Synth 8-7129] Port s_sc_payld[129] in module sc_node_v1_0_14_ingress__parameterized3 is either unconnected or has no load
WARNING: [Synth 8-7129] Port s_sc_payld[128] in module sc_node_v1_0_14_ingress__parameterized3 is either unconnected or has no load
WARNING: [Synth 8-7129] Port s_sc_payld[127] in module sc_node_v1_0_14_ingress__parameterized3 is either unconnected or has no load
WARNING: [Synth 8-7129] Port s_sc_payld[126] in module sc_node_v1_0_14_ingress__parameterized3 is either unconnected or has no load
WARNING: [Synth 8-7129] Port s_sc_payld[125] in module sc_node_v1_0_14_ingress__parameterized3 is either unconnected or has no load
WARNING: [Synth 8-7129] Port s_sc_payld[124] in module sc_node_v1_0_14_ingress__parameterized3 is either unconnected or has no load
WARNING: [Synth 8-7129] Port s_sc_payld[123] in module sc_node_v1_0_14_ingress__parameterized3 is either unconnected or has no load
WARNING: [Synth 8-7129] Port s_sc_payld[122] in module sc_node_v1_0_14_ingress__parameterized3 is either unconnected or has no load
WARNING: [Synth 8-7129] Port s_sc_payld[121] in module sc_node_v1_0_14_ingress__parameterized3 is either unconnected or has no load
WARNING: [Synth 8-7129] Port s_sc_payld[120] in module sc_node_v1_0_14_ingress__parameterized3 is either unconnected or has no load
WARNING: [Synth 8-7129] Port s_sc_payld[119] in module sc_node_v1_0_14_ingress__parameterized3 is either unconnected or has no load
WARNING: [Synth 8-7129] Port s_sc_payld[118] in module sc_node_v1_0_14_ingress__parameterized3 is either unconnected or has no load
WARNING: [Synth 8-7129] Port s_sc_payld[117] in module sc_node_v1_0_14_ingress__parameterized3 is either unconnected or has no load
WARNING: [Synth 8-7129] Port s_sc_payld[116] in module sc_node_v1_0_14_ingress__parameterized3 is either unconnected or has no load
WARNING: [Synth 8-7129] Port s_sc_payld[115] in module sc_node_v1_0_14_ingress__parameterized3 is either unconnected or has no load
WARNING: [Synth 8-7129] Port s_sc_payld[114] in module sc_node_v1_0_14_ingress__parameterized3 is either unconnected or has no load
WARNING: [Synth 8-7129] Port s_sc_payld[113] in module sc_node_v1_0_14_ingress__parameterized3 is either unconnected or has no load
WARNING: [Synth 8-7129] Port s_sc_payld[112] in module sc_node_v1_0_14_ingress__parameterized3 is either unconnected or has no load
WARNING: [Synth 8-7129] Port s_sc_payld[111] in module sc_node_v1_0_14_ingress__parameterized3 is either unconnected or has no load
WARNING: [Synth 8-7129] Port s_sc_payld[110] in module sc_node_v1_0_14_ingress__parameterized3 is either unconnected or has no load
WARNING: [Synth 8-7129] Port s_sc_payld[109] in module sc_node_v1_0_14_ingress__parameterized3 is either unconnected or has no load
WARNING: [Synth 8-7129] Port s_sc_payld[108] in module sc_node_v1_0_14_ingress__parameterized3 is either unconnected or has no load
WARNING: [Synth 8-7129] Port s_sc_payld[107] in module sc_node_v1_0_14_ingress__parameterized3 is either unconnected or has no load
WARNING: [Synth 8-7129] Port s_sc_payld[106] in module sc_node_v1_0_14_ingress__parameterized3 is either unconnected or has no load
WARNING: [Synth 8-7129] Port s_sc_payld[105] in module sc_node_v1_0_14_ingress__parameterized3 is either unconnected or has no load
WARNING: [Synth 8-7129] Port s_sc_payld[104] in module sc_node_v1_0_14_ingress__parameterized3 is either unconnected or has no load
WARNING: [Synth 8-7129] Port s_sc_payld[103] in module sc_node_v1_0_14_ingress__parameterized3 is either unconnected or has no load
WARNING: [Synth 8-7129] Port s_sc_payld[102] in module sc_node_v1_0_14_ingress__parameterized3 is either unconnected or has no load
WARNING: [Synth 8-7129] Port s_sc_payld[101] in module sc_node_v1_0_14_ingress__parameterized3 is either unconnected or has no load
WARNING: [Synth 8-7129] Port s_sc_payld[100] in module sc_node_v1_0_14_ingress__parameterized3 is either unconnected or has no load
WARNING: [Synth 8-7129] Port s_sc_payld[99] in module sc_node_v1_0_14_ingress__parameterized3 is either unconnected or has no load
WARNING: [Synth 8-7129] Port s_sc_payld[98] in module sc_node_v1_0_14_ingress__parameterized3 is either unconnected or has no load
WARNING: [Synth 8-7129] Port s_sc_payld[97] in module sc_node_v1_0_14_ingress__parameterized3 is either unconnected or has no load
WARNING: [Synth 8-7129] Port s_sc_payld[96] in module sc_node_v1_0_14_ingress__parameterized3 is either unconnected or has no load
WARNING: [Synth 8-7129] Port s_sc_payld[95] in module sc_node_v1_0_14_ingress__parameterized3 is either unconnected or has no load
WARNING: [Synth 8-7129] Port s_sc_payld[94] in module sc_node_v1_0_14_ingress__parameterized3 is either unconnected or has no load
WARNING: [Synth 8-7129] Port s_sc_payld[93] in module sc_node_v1_0_14_ingress__parameterized3 is either unconnected or has no load
WARNING: [Synth 8-7129] Port s_sc_payld[92] in module sc_node_v1_0_14_ingress__parameterized3 is either unconnected or has no load
WARNING: [Synth 8-7129] Port s_sc_payld[91] in module sc_node_v1_0_14_ingress__parameterized3 is either unconnected or has no load
WARNING: [Synth 8-7129] Port s_sc_payld[90] in module sc_node_v1_0_14_ingress__parameterized3 is either unconnected or has no load
WARNING: [Synth 8-7129] Port s_sc_payld[89] in module sc_node_v1_0_14_ingress__parameterized3 is either unconnected or has no load
WARNING: [Synth 8-7129] Port s_sc_payld[88] in module sc_node_v1_0_14_ingress__parameterized3 is either unconnected or has no load
WARNING: [Synth 8-7129] Port sleep in module xpm_memory_base__parameterized2 is either unconnected or has no load
WARNING: [Synth 8-7129] Port rsta in module xpm_memory_base__parameterized2 is either unconnected or has no load
WARNING: [Synth 8-7129] Port regcea in module xpm_memory_base__parameterized2 is either unconnected or has no load
WARNING: [Synth 8-7129] Port injectsbiterra in module xpm_memory_base__parameterized2 is either unconnected or has no load
WARNING: [Synth 8-7129] Port injectdbiterra in module xpm_memory_base__parameterized2 is either unconnected or has no load
WARNING: [Synth 8-7129] Port regceb in module xpm_memory_base__parameterized2 is either unconnected or has no load
WARNING: [Synth 8-7129] Port web[0] in module xpm_memory_base__parameterized2 is either unconnected or has no load
WARNING: [Synth 8-7129] Port dinb[177] in module xpm_memory_base__parameterized2 is either unconnected or has no load
WARNING: [Synth 8-7129] Port dinb[176] in module xpm_memory_base__parameterized2 is either unconnected or has no load
WARNING: [Synth 8-7129] Port dinb[175] in module xpm_memory_base__parameterized2 is either unconnected or has no load
WARNING: [Synth 8-7129] Port dinb[174] in module xpm_memory_base__parameterized2 is either unconnected or has no load
WARNING: [Synth 8-7129] Port dinb[173] in module xpm_memory_base__parameterized2 is either unconnected or has no load
WARNING: [Synth 8-7129] Port dinb[172] in module xpm_memory_base__parameterized2 is either unconnected or has no load
WARNING: [Synth 8-7129] Port dinb[171] in module xpm_memory_base__parameterized2 is either unconnected or has no load
WARNING: [Synth 8-7129] Port dinb[170] in module xpm_memory_base__parameterized2 is either unconnected or has no load
WARNING: [Synth 8-7129] Port dinb[169] in module xpm_memory_base__parameterized2 is either unconnected or has no load
WARNING: [Synth 8-7129] Port dinb[168] in module xpm_memory_base__parameterized2 is either unconnected or has no load
WARNING: [Synth 8-7129] Port dinb[167] in module xpm_memory_base__parameterized2 is either unconnected or has no load
WARNING: [Synth 8-7129] Port dinb[166] in module xpm_memory_base__parameterized2 is either unconnected or has no load
WARNING: [Synth 8-7129] Port dinb[165] in module xpm_memory_base__parameterized2 is either unconnected or has no load
WARNING: [Synth 8-7129] Port dinb[164] in module xpm_memory_base__parameterized2 is either unconnected or has no load
WARNING: [Synth 8-7129] Port dinb[163] in module xpm_memory_base__parameterized2 is either unconnected or has no load
WARNING: [Synth 8-7129] Port dinb[162] in module xpm_memory_base__parameterized2 is either unconnected or has no load
WARNING: [Synth 8-7129] Port dinb[161] in module xpm_memory_base__parameterized2 is either unconnected or has no load
INFO: [Common 17-14] Message 'Synth 8-7129' appears 100 times and further instances of the messages will be disabled. Use the Tcl command set_msg_config to change the current settings.
---------------------------------------------------------------------------------
Finished RTL Elaboration : Time (s): cpu = 00:00:10 ; elapsed = 00:00:11 . Memory (MB): peak = 2612.703 ; gain = 0.000 ; free physical = 1164 ; free virtual = 4091
---------------------------------------------------------------------------------
---------------------------------------------------------------------------------
Start Handling Custom Attributes
---------------------------------------------------------------------------------
---------------------------------------------------------------------------------
Finished Handling Custom Attributes : Time (s): cpu = 00:00:11 ; elapsed = 00:00:11 . Memory (MB): peak = 2612.703 ; gain = 0.000 ; free physical = 1164 ; free virtual = 4091
---------------------------------------------------------------------------------
---------------------------------------------------------------------------------
Finished RTL Optimization Phase 1 : Time (s): cpu = 00:00:11 ; elapsed = 00:00:11 . Memory (MB): peak = 2612.703 ; gain = 0.000 ; free physical = 1164 ; free virtual = 4091
---------------------------------------------------------------------------------
Netlist sorting complete. Time (s): cpu = 00:00:00.77 ; elapsed = 00:00:00.76 . Memory (MB): peak = 2612.703 ; gain = 0.000 ; free physical = 1058 ; free virtual = 3985
INFO: [Netlist 29-17] Analyzing 39 Unisim elements for replacement
INFO: [Netlist 29-28] Unisim Transformation completed in 0 CPU seconds
INFO: [Project 1-570] Preparing netlist for logic optimization

Processing XDC Constraints
Initializing timing engine
Parsing XDC File [/home/imocanu/Public/Vivado_proj/for_RISCV/riscv-ml/vivado_proj/riscv-ml/riscv-ml.gen/sources_1/bd/riscv/ip/riscv_axi_smc_1_0/ooc.xdc] for cell 'inst'
Finished Parsing XDC File [/home/imocanu/Public/Vivado_proj/for_RISCV/riscv-ml/vivado_proj/riscv-ml/riscv-ml.gen/sources_1/bd/riscv/ip/riscv_axi_smc_1_0/ooc.xdc] for cell 'inst'
Parsing XDC File [/home/imocanu/Public/Vivado_proj/for_RISCV/riscv-ml/vivado_proj/riscv-ml/riscv-ml.gen/sources_1/bd/riscv/ip/riscv_axi_smc_1_0/bd_0/ip/ip_1/bd_fe52_psr0_0_board.xdc] for cell 'inst/clk_map/psr0/U0'
Finished Parsing XDC File [/home/imocanu/Public/Vivado_proj/for_RISCV/riscv-ml/vivado_proj/riscv-ml/riscv-ml.gen/sources_1/bd/riscv/ip/riscv_axi_smc_1_0/bd_0/ip/ip_1/bd_fe52_psr0_0_board.xdc] for cell 'inst/clk_map/psr0/U0'
Parsing XDC File [/home/imocanu/Public/Vivado_proj/for_RISCV/riscv-ml/vivado_proj/riscv-ml/riscv-ml.gen/sources_1/bd/riscv/ip/riscv_axi_smc_1_0/bd_0/ip/ip_1/bd_fe52_psr0_0.xdc] for cell 'inst/clk_map/psr0/U0'
Finished Parsing XDC File [/home/imocanu/Public/Vivado_proj/for_RISCV/riscv-ml/vivado_proj/riscv-ml/riscv-ml.gen/sources_1/bd/riscv/ip/riscv_axi_smc_1_0/bd_0/ip/ip_1/bd_fe52_psr0_0.xdc] for cell 'inst/clk_map/psr0/U0'
Parsing XDC File [/home/imocanu/Public/Vivado_proj/for_RISCV/riscv-ml/vivado_proj/riscv-ml/riscv-ml.gen/sources_1/bd/riscv/ip/riscv_axi_smc_1_0/bd_0/ip/ip_2/bd_fe52_psr_aclk_0_board.xdc] for cell 'inst/clk_map/psr_aclk/U0'
Finished Parsing XDC File [/home/imocanu/Public/Vivado_proj/for_RISCV/riscv-ml/vivado_proj/riscv-ml/riscv-ml.gen/sources_1/bd/riscv/ip/riscv_axi_smc_1_0/bd_0/ip/ip_2/bd_fe52_psr_aclk_0_board.xdc] for cell 'inst/clk_map/psr_aclk/U0'
Parsing XDC File [/home/imocanu/Public/Vivado_proj/for_RISCV/riscv-ml/vivado_proj/riscv-ml/riscv-ml.gen/sources_1/bd/riscv/ip/riscv_axi_smc_1_0/bd_0/ip/ip_2/bd_fe52_psr_aclk_0.xdc] for cell 'inst/clk_map/psr_aclk/U0'
Finished Parsing XDC File [/home/imocanu/Public/Vivado_proj/for_RISCV/riscv-ml/vivado_proj/riscv-ml/riscv-ml.gen/sources_1/bd/riscv/ip/riscv_axi_smc_1_0/bd_0/ip/ip_2/bd_fe52_psr_aclk_0.xdc] for cell 'inst/clk_map/psr_aclk/U0'
Parsing XDC File [/home/imocanu/Public/Vivado_proj/for_RISCV/riscv-ml/vivado_proj/riscv-ml/riscv-ml.gen/sources_1/bd/riscv/ip/riscv_axi_smc_1_0/bd_0/ip/ip_3/bd_fe52_psr_aclk1_0_board.xdc] for cell 'inst/clk_map/psr_aclk1/U0'
Finished Parsing XDC File [/home/imocanu/Public/Vivado_proj/for_RISCV/riscv-ml/vivado_proj/riscv-ml/riscv-ml.gen/sources_1/bd/riscv/ip/riscv_axi_smc_1_0/bd_0/ip/ip_3/bd_fe52_psr_aclk1_0_board.xdc] for cell 'inst/clk_map/psr_aclk1/U0'
Parsing XDC File [/home/imocanu/Public/Vivado_proj/for_RISCV/riscv-ml/vivado_proj/riscv-ml/riscv-ml.gen/sources_1/bd/riscv/ip/riscv_axi_smc_1_0/bd_0/ip/ip_3/bd_fe52_psr_aclk1_0.xdc] for cell 'inst/clk_map/psr_aclk1/U0'
Finished Parsing XDC File [/home/imocanu/Public/Vivado_proj/for_RISCV/riscv-ml/vivado_proj/riscv-ml/riscv-ml.gen/sources_1/bd/riscv/ip/riscv_axi_smc_1_0/bd_0/ip/ip_3/bd_fe52_psr_aclk1_0.xdc] for cell 'inst/clk_map/psr_aclk1/U0'
Parsing XDC File [/home/imocanu/Public/Vivado_proj/for_RISCV/riscv-ml/vivado_proj/riscv-ml/riscv-ml.runs/riscv_axi_smc_1_0_synth_1/dont_touch.xdc]
Finished Parsing XDC File [/home/imocanu/Public/Vivado_proj/for_RISCV/riscv-ml/vivado_proj/riscv-ml/riscv-ml.runs/riscv_axi_smc_1_0_synth_1/dont_touch.xdc]
INFO: [Project 1-236] Implementation specific constraints were found while reading constraint file [/home/imocanu/Xilinx/Vivado/2022.1/data/ip/xpm/xpm_cdc/tcl/xpm_cdc_gray.tcl]. These constraints will be ignored for synthesis but will be used in implementation. Impacted constraints are listed in the file [.Xil/riscv_axi_smc_1_0_propImpl.xdc].
Resolution: To avoid this warning, move constraints listed in [.Xil/riscv_axi_smc_1_0_propImpl.xdc] to another XDC file and exclude this new file from synthesis with the used_in_synthesis property (File Properties dialog in GUI) and re-run elaboration/synthesis.
WARNING: [Vivado 12-180] No cells matched 'get_cells -hier -filter {PRIMITIVE_SUBGROUP==LUTRAM || PRIMITIVE_SUBGROUP==dram || PRIMITIVE_SUBGROUP==uram || PRIMITIVE_SUBGROUP==BRAM}'. [/home/imocanu/Xilinx/Vivado/2022.1/data/ip/xpm/xpm_memory/tcl/xpm_memory_xdc.tcl:3]
WARNING: [Vivado 12-180] No cells matched 'get_cells -hier -filter {PRIMITIVE_SUBGROUP==LUTRAM || PRIMITIVE_SUBGROUP==dram || PRIMITIVE_SUBGROUP==uram || PRIMITIVE_SUBGROUP==BRAM}'. [/home/imocanu/Xilinx/Vivado/2022.1/data/ip/xpm/xpm_memory/tcl/xpm_memory_xdc.tcl:3]
WARNING: [Vivado 12-180] No cells matched 'get_cells -hier -filter {PRIMITIVE_SUBGROUP==LUTRAM || PRIMITIVE_SUBGROUP==dram || PRIMITIVE_SUBGROUP==uram || PRIMITIVE_SUBGROUP==BRAM}'. [/home/imocanu/Xilinx/Vivado/2022.1/data/ip/xpm/xpm_memory/tcl/xpm_memory_xdc.tcl:3]
WARNING: [Vivado 12-180] No cells matched 'get_cells -hier -filter {PRIMITIVE_SUBGROUP==LUTRAM || PRIMITIVE_SUBGROUP==dram || PRIMITIVE_SUBGROUP==uram || PRIMITIVE_SUBGROUP==BRAM}'. [/home/imocanu/Xilinx/Vivado/2022.1/data/ip/xpm/xpm_memory/tcl/xpm_memory_xdc.tcl:3]
WARNING: [Vivado 12-180] No cells matched 'get_cells -hier -filter {PRIMITIVE_SUBGROUP==LUTRAM || PRIMITIVE_SUBGROUP==dram || PRIMITIVE_SUBGROUP==uram || PRIMITIVE_SUBGROUP==BRAM}'. [/home/imocanu/Xilinx/Vivado/2022.1/data/ip/xpm/xpm_memory/tcl/xpm_memory_xdc.tcl:3]
INFO: [Project 1-236] Implementation specific constraints were found while reading constraint file [/home/imocanu/Xilinx/Vivado/2022.1/data/ip/xpm/xpm_memory/tcl/xpm_memory_xdc.tcl]. These constraints will be ignored for synthesis but will be used in implementation. Impacted constraints are listed in the file [.Xil/riscv_axi_smc_1_0_propImpl.xdc].
Resolution: To avoid this warning, move constraints listed in [.Xil/riscv_axi_smc_1_0_propImpl.xdc] to another XDC file and exclude this new file from synthesis with the used_in_synthesis property (File Properties dialog in GUI) and re-run elaboration/synthesis.
INFO: [Project 1-1714] 29 XPM XDC files have been applied to the design.
Completed Processing XDC Constraints

Netlist sorting complete. Time (s): cpu = 00:00:00 ; elapsed = 00:00:00 . Memory (MB): peak = 2855.297 ; gain = 0.000 ; free physical = 872 ; free virtual = 3800
INFO: [Project 1-111] Unisim Transformation Summary:
  A total of 39 instances were transformed.
  FDR => FDRE: 36 instances
  SRL16 => SRL16E: 3 instances

Constraint Validation Runtime : Time (s): cpu = 00:00:00.49 ; elapsed = 00:00:00.24 . Memory (MB): peak = 2869.172 ; gain = 13.875 ; free physical = 871 ; free virtual = 3799
INFO: [Designutils 20-5008] Incremental synthesis strategy off
---------------------------------------------------------------------------------
Finished Constraint Validation : Time (s): cpu = 00:00:27 ; elapsed = 00:00:26 . Memory (MB): peak = 2869.172 ; gain = 256.469 ; free physical = 1164 ; free virtual = 4092
---------------------------------------------------------------------------------
---------------------------------------------------------------------------------
Start Loading Part and Timing Information
---------------------------------------------------------------------------------
Loading part: xc7a100tfgg676-2
---------------------------------------------------------------------------------
Finished Loading Part and Timing Information : Time (s): cpu = 00:00:27 ; elapsed = 00:00:26 . Memory (MB): peak = 2869.172 ; gain = 256.469 ; free physical = 1164 ; free virtual = 4092
---------------------------------------------------------------------------------
---------------------------------------------------------------------------------
Start Applying 'set_property' XDC Constraints
---------------------------------------------------------------------------------
Applied set_property KEEP_HIERARCHY = SOFT for inst. (constraint file  /home/imocanu/Public/Vivado_proj/for_RISCV/riscv-ml/vivado_proj/riscv-ml/riscv-ml.runs/riscv_axi_smc_1_0_synth_1/dont_touch.xdc, line 89).
Applied set_property KEEP_HIERARCHY = SOFT for inst/s00_nodes/s00_ar_node/inst/m_sc_xpm_cdc_async_rst_inst. (constraint file  auto generated constraint).
Applied set_property KEEP_HIERARCHY = SOFT for inst/s00_nodes/s00_aw_node/inst/m_sc_xpm_cdc_async_rst_inst. (constraint file  auto generated constraint).
Applied set_property KEEP_HIERARCHY = SOFT for inst/s00_nodes/s00_b_node/inst/m_sc_xpm_cdc_async_rst_inst. (constraint file  auto generated constraint).
Applied set_property KEEP_HIERARCHY = SOFT for inst/s00_nodes/s00_r_node/inst/m_sc_xpm_cdc_async_rst_inst. (constraint file  auto generated constraint).
Applied set_property KEEP_HIERARCHY = SOFT for inst/s00_nodes/s00_w_node/inst/m_sc_xpm_cdc_async_rst_inst. (constraint file  auto generated constraint).
Applied set_property KEEP_HIERARCHY = SOFT for inst/s00_nodes/s00_ar_node/inst/s_sc_xpm_cdc_async_rst_inst. (constraint file  auto generated constraint).
Applied set_property KEEP_HIERARCHY = SOFT for inst/s00_nodes/s00_aw_node/inst/s_sc_xpm_cdc_async_rst_inst. (constraint file  auto generated constraint).
Applied set_property KEEP_HIERARCHY = SOFT for inst/s00_nodes/s00_b_node/inst/s_sc_xpm_cdc_async_rst_inst. (constraint file  auto generated constraint).
Applied set_property KEEP_HIERARCHY = SOFT for inst/s00_nodes/s00_r_node/inst/s_sc_xpm_cdc_async_rst_inst. (constraint file  auto generated constraint).
Applied set_property KEEP_HIERARCHY = SOFT for inst/s00_nodes/s00_w_node/inst/s_sc_xpm_cdc_async_rst_inst. (constraint file  auto generated constraint).
Applied set_property KEEP_HIERARCHY = SOFT for inst/m00_exit_pipeline/m00_exit/inst/xpm_cdc_async_rst_inst. (constraint file  auto generated constraint).
Applied set_property KEEP_HIERARCHY = SOFT for inst/s00_entry_pipeline/s00_mmu/inst/xpm_cdc_async_rst_inst. (constraint file  auto generated constraint).
Applied set_property KEEP_HIERARCHY = SOFT for inst/s00_entry_pipeline/s00_si_converter/inst/xpm_cdc_async_rst_inst. (constraint file  auto generated constraint).
Applied set_property KEEP_HIERARCHY = SOFT for inst/s00_entry_pipeline/s00_transaction_regulator/inst/xpm_cdc_async_rst_inst. (constraint file  auto generated constraint).
Applied set_property KEEP_HIERARCHY = SOFT for inst/s00_nodes/s00_ar_node/inst/inst_mi_handler/\gen_normal_area.inst_fifo_node_payld /\gen_xpm_memory_fifo.inst_fifo /\gen_async_clocks.inst_cdc_addra_to_rd_clk . (constraint file  auto generated constraint).
Applied set_property KEEP_HIERARCHY = SOFT for inst/s00_nodes/s00_aw_node/inst/inst_mi_handler/\gen_normal_area.inst_fifo_node_payld /\gen_xpm_memory_fifo.inst_fifo /\gen_async_clocks.inst_cdc_addra_to_rd_clk . (constraint file  auto generated constraint).
Applied set_property KEEP_HIERARCHY = SOFT for inst/s00_nodes/s00_b_node/inst/inst_mi_handler/\gen_normal_area.inst_fifo_node_payld /\gen_xpm_memory_fifo.inst_fifo /\gen_async_clocks.inst_cdc_addra_to_rd_clk . (constraint file  auto generated constraint).
Applied set_property KEEP_HIERARCHY = SOFT for inst/s00_nodes/s00_r_node/inst/inst_mi_handler/\gen_normal_area.inst_fifo_node_payld /\gen_xpm_memory_fifo.inst_fifo /\gen_async_clocks.inst_cdc_addra_to_rd_clk . (constraint file  auto generated constraint).
Applied set_property KEEP_HIERARCHY = SOFT for inst/s00_nodes/s00_w_node/inst/inst_mi_handler/\gen_normal_area.inst_fifo_node_payld /\gen_xpm_memory_fifo.inst_fifo /\gen_async_clocks.inst_cdc_addra_to_rd_clk . (constraint file  auto generated constraint).
Applied set_property KEEP_HIERARCHY = SOFT for inst/s00_nodes/s00_ar_node/inst/inst_mi_handler/\gen_normal_area.inst_fifo_node_payld /\gen_xpm_memory_fifo.inst_fifo /\gen_async_clocks.inst_cdc_addrb_to_wr_clk . (constraint file  auto generated constraint).
Applied set_property KEEP_HIERARCHY = SOFT for inst/s00_nodes/s00_aw_node/inst/inst_mi_handler/\gen_normal_area.inst_fifo_node_payld /\gen_xpm_memory_fifo.inst_fifo /\gen_async_clocks.inst_cdc_addrb_to_wr_clk . (constraint file  auto generated constraint).
Applied set_property KEEP_HIERARCHY = SOFT for inst/s00_nodes/s00_b_node/inst/inst_mi_handler/\gen_normal_area.inst_fifo_node_payld /\gen_xpm_memory_fifo.inst_fifo /\gen_async_clocks.inst_cdc_addrb_to_wr_clk . (constraint file  auto generated constraint).
Applied set_property KEEP_HIERARCHY = SOFT for inst/s00_nodes/s00_r_node/inst/inst_mi_handler/\gen_normal_area.inst_fifo_node_payld /\gen_xpm_memory_fifo.inst_fifo /\gen_async_clocks.inst_cdc_addrb_to_wr_clk . (constraint file  auto generated constraint).
Applied set_property KEEP_HIERARCHY = SOFT for inst/s00_nodes/s00_w_node/inst/inst_mi_handler/\gen_normal_area.inst_fifo_node_payld /\gen_xpm_memory_fifo.inst_fifo /\gen_async_clocks.inst_cdc_addrb_to_wr_clk . (constraint file  auto generated constraint).
Applied set_property KEEP_HIERARCHY = SOFT for inst/s00_nodes/s00_ar_node/inst/inst_mi_handler/\gen_normal_area.inst_fifo_node_payld /\gen_xpm_memory_fifo.inst_fifo /\gen_mem_rep[0].inst_xpm_memory . (constraint file  auto generated constraint).
Applied set_property KEEP_HIERARCHY = SOFT for inst/s00_nodes/s00_aw_node/inst/inst_mi_handler/\gen_normal_area.inst_fifo_node_payld /\gen_xpm_memory_fifo.inst_fifo /\gen_mem_rep[0].inst_xpm_memory . (constraint file  auto generated constraint).
Applied set_property KEEP_HIERARCHY = SOFT for inst/s00_nodes/s00_b_node/inst/inst_mi_handler/\gen_normal_area.inst_fifo_node_payld /\gen_xpm_memory_fifo.inst_fifo /\gen_mem_rep[0].inst_xpm_memory . (constraint file  auto generated constraint).
Applied set_property KEEP_HIERARCHY = SOFT for inst/s00_nodes/s00_r_node/inst/inst_mi_handler/\gen_normal_area.inst_fifo_node_payld /\gen_xpm_memory_fifo.inst_fifo /\gen_mem_rep[0].inst_xpm_memory . (constraint file  auto generated constraint).
Applied set_property KEEP_HIERARCHY = SOFT for inst/s00_nodes/s00_w_node/inst/inst_mi_handler/\gen_normal_area.inst_fifo_node_payld /\gen_xpm_memory_fifo.inst_fifo /\gen_mem_rep[0].inst_xpm_memory . (constraint file  auto generated constraint).
---------------------------------------------------------------------------------
Finished applying 'set_property' XDC Constraints : Time (s): cpu = 00:00:27 ; elapsed = 00:00:26 . Memory (MB): peak = 2869.172 ; gain = 256.469 ; free physical = 1163 ; free virtual = 4092
---------------------------------------------------------------------------------
INFO: [Synth 8-4490] FSM extraction disabled for register 'gen_pipelined.state_reg' through user attribute
INFO: [Synth 8-4490] FSM extraction disabled for register 'gen_pipelined.state_reg' through user attribute
INFO: [Synth 8-802] inferred FSM for state register 'gen_axi.gen_write.write_cs_reg' in module 'sc_mmu_v1_0_10_decerr_slave'
INFO: [Synth 8-4490] FSM extraction disabled for register 'gen_pipelined.state_reg' through user attribute
INFO: [Synth 8-4490] FSM extraction disabled for register 'gen_pipelined.state_reg' through user attribute
INFO: [Synth 8-4490] FSM extraction disabled for register 'gen_pipelined.state_reg' through user attribute
INFO: [Synth 8-4490] FSM extraction disabled for register 'gen_pipelined.state_reg' through user attribute
INFO: [Synth 8-4490] FSM extraction disabled for register 'gen_pipelined.state_reg' through user attribute
---------------------------------------------------------------------------------------------------
                   State |                     New Encoding |                Previous Encoding 
---------------------------------------------------------------------------------------------------
            P_WRITE_IDLE |                              001 |                               00
            P_WRITE_DATA |                              010 |                               01
            P_WRITE_RESP |                              100 |                               10
---------------------------------------------------------------------------------------------------
INFO: [Synth 8-3354] encoded FSM with state register 'gen_axi.gen_write.write_cs_reg' using encoding 'one-hot' in module 'sc_mmu_v1_0_10_decerr_slave'
---------------------------------------------------------------------------------
Finished RTL Optimization Phase 2 : Time (s): cpu = 00:00:30 ; elapsed = 00:00:31 . Memory (MB): peak = 2869.172 ; gain = 256.469 ; free physical = 1116 ; free virtual = 4050
---------------------------------------------------------------------------------
---------------------------------------------------------------------------------
Start RTL Component Statistics 
---------------------------------------------------------------------------------
Detailed RTL Component Info : 
+---Adders : 
	   2 Input    8 Bit       Adders := 10    
	   2 Input    7 Bit       Adders := 4     
	   2 Input    6 Bit       Adders := 33    
	   3 Input    6 Bit       Adders := 2     
	   2 Input    5 Bit       Adders := 5     
	   3 Input    5 Bit       Adders := 2     
	   4 Input    5 Bit       Adders := 2     
	   2 Input    4 Bit       Adders := 18    
	   3 Input    4 Bit       Adders := 2     
	   2 Input    3 Bit       Adders := 4     
	   2 Input    1 Bit       Adders := 3     
	   3 Input    1 Bit       Adders := 2     
+---XORs : 
	   2 Input      6 Bit         XORs := 10    
	   2 Input      1 Bit         XORs := 101   
+---Registers : 
	             2178 Bit    Registers := 6     
	              178 Bit    Registers := 1     
	              166 Bit    Registers := 1     
	              158 Bit    Registers := 2     
	              144 Bit    Registers := 1     
	               76 Bit    Registers := 2     
	               64 Bit    Registers := 3     
	               47 Bit    Registers := 1     
	               33 Bit    Registers := 1     
	               24 Bit    Registers := 1     
	               22 Bit    Registers := 1     
	               18 Bit    Registers := 2     
	               14 Bit    Registers := 1     
	               12 Bit    Registers := 2     
	                8 Bit    Registers := 30    
	                7 Bit    Registers := 2     
	                6 Bit    Registers := 58    
	                5 Bit    Registers := 7     
	                4 Bit    Registers := 21    
	                3 Bit    Registers := 35    
	                2 Bit    Registers := 2     
	                1 Bit    Registers := 222   
+---Muxes : 
	   2 Input 2178 Bit        Muxes := 4     
	   2 Input   76 Bit        Muxes := 1     
	   2 Input   64 Bit        Muxes := 11    
	   2 Input   47 Bit        Muxes := 1     
	   2 Input   33 Bit        Muxes := 1     
	   2 Input   32 Bit        Muxes := 4     
	   2 Input   22 Bit        Muxes := 1     
	   2 Input   18 Bit        Muxes := 1     
	   2 Input   14 Bit        Muxes := 1     
	   2 Input   12 Bit        Muxes := 2     
	   2 Input    8 Bit        Muxes := 55    
	   4 Input    8 Bit        Muxes := 6     
	   3 Input    8 Bit        Muxes := 1     
	   2 Input    7 Bit        Muxes := 6     
	   4 Input    7 Bit        Muxes := 8     
	   2 Input    6 Bit        Muxes := 8     
	   2 Input    5 Bit        Muxes := 6     
	   2 Input    4 Bit        Muxes := 17    
	   4 Input    4 Bit        Muxes := 2     
	   4 Input    3 Bit        Muxes := 11    
	  11 Input    3 Bit        Muxes := 9     
	   2 Input    3 Bit        Muxes := 13    
	   5 Input    3 Bit        Muxes := 1     
	   2 Input    2 Bit        Muxes := 34    
	   2 Input    1 Bit        Muxes := 184   
	   6 Input    1 Bit        Muxes := 53    
	  12 Input    1 Bit        Muxes := 9     
	   3 Input    1 Bit        Muxes := 10    
	   5 Input    1 Bit        Muxes := 10    
	   4 Input    1 Bit        Muxes := 11    
	  10 Input    1 Bit        Muxes := 6     
	   7 Input    1 Bit        Muxes := 4     
---------------------------------------------------------------------------------
Finished RTL Component Statistics 
---------------------------------------------------------------------------------
---------------------------------------------------------------------------------
Start Part Resource Summary
---------------------------------------------------------------------------------
Part Resources:
DSPs: 240 (col length:80)
BRAMs: 270 (col length: RAMB18 80 RAMB36 40)
---------------------------------------------------------------------------------
Finished Part Resource Summary
---------------------------------------------------------------------------------
---------------------------------------------------------------------------------
Start Cross Boundary and Area Optimization
---------------------------------------------------------------------------------
WARNING: [Synth 8-7080] Parallel synthesis criteria is not met
WARNING: [Synth 8-3332] Sequential element (clk_map/psr0/U0/EXT_LPF/ACTIVE_LOW_EXT.ACT_LO_EXT/GENERATE_LEVEL_P_S_CDC.SINGLE_BIT.CROSS_PLEVEL_IN2SCNDRY_IN_cdc_to) is unused and will be removed from module bd_fe52.
WARNING: [Synth 8-3332] Sequential element (clk_map/psr0/U0/EXT_LPF/ACTIVE_LOW_EXT.ACT_LO_EXT/GENERATE_LEVEL_P_S_CDC.SINGLE_BIT.CROSS_PLEVEL_IN2SCNDRY_s_level_out_d2) is unused and will be removed from module bd_fe52.
WARNING: [Synth 8-3332] Sequential element (clk_map/psr0/U0/EXT_LPF/ACTIVE_LOW_EXT.ACT_LO_EXT/GENERATE_LEVEL_P_S_CDC.SINGLE_BIT.CROSS_PLEVEL_IN2SCNDRY_s_level_out_d3) is unused and will be removed from module bd_fe52.
WARNING: [Synth 8-3332] Sequential element (clk_map/psr0/U0/EXT_LPF/ACTIVE_LOW_EXT.ACT_LO_EXT/GENERATE_LEVEL_P_S_CDC.SINGLE_BIT.CROSS_PLEVEL_IN2SCNDRY_s_level_out_d4) is unused and will be removed from module bd_fe52.
WARNING: [Synth 8-3332] Sequential element (clk_map/psr0/U0/EXT_LPF/ACTIVE_LOW_EXT.ACT_LO_EXT/GENERATE_LEVEL_P_S_CDC.SINGLE_BIT.CROSS_PLEVEL_IN2SCNDRY_s_level_out_d5) is unused and will be removed from module bd_fe52.
WARNING: [Synth 8-3332] Sequential element (clk_map/psr0/U0/EXT_LPF/ACTIVE_LOW_EXT.ACT_LO_EXT/GENERATE_LEVEL_P_S_CDC.SINGLE_BIT.CROSS_PLEVEL_IN2SCNDRY_s_level_out_d6) is unused and will be removed from module bd_fe52.
WARNING: [Synth 8-3332] Sequential element (clk_map/psr0/U0/EXT_LPF/ACTIVE_LOW_AUX.ACT_LO_AUX/GENERATE_LEVEL_P_S_CDC.SINGLE_BIT.CROSS_PLEVEL_IN2SCNDRY_s_level_out_d5) is unused and will be removed from module bd_fe52.
WARNING: [Synth 8-3332] Sequential element (clk_map/psr0/U0/EXT_LPF/ACTIVE_LOW_AUX.ACT_LO_AUX/GENERATE_LEVEL_P_S_CDC.SINGLE_BIT.CROSS_PLEVEL_IN2SCNDRY_s_level_out_d6) is unused and will be removed from module bd_fe52.
WARNING: [Synth 8-3332] Sequential element (clk_map/psr0/U0/FDRE_inst) is unused and will be removed from module bd_fe52.
WARNING: [Synth 8-3332] Sequential element (clk_map/psr0/U0/BSR_OUT_DFF[0].FDRE_BSR) is unused and will be removed from module bd_fe52.
WARNING: [Synth 8-3332] Sequential element (clk_map/psr0/U0/PR_OUT_DFF[0].FDRE_PER) is unused and will be removed from module bd_fe52.
WARNING: [Synth 8-3332] Sequential element (clk_map/psr0/U0/ACTIVE_LOW_PR_OUT_DFF[0].FDRE_PER_N) is unused and will be removed from module bd_fe52.
WARNING: [Synth 8-3332] Sequential element (clk_map/psr_aclk/U0/EXT_LPF/ACTIVE_LOW_EXT.ACT_LO_EXT/GENERATE_LEVEL_P_S_CDC.SINGLE_BIT.CROSS_PLEVEL_IN2SCNDRY_s_level_out_d5) is unused and will be removed from module bd_fe52.
WARNING: [Synth 8-3332] Sequential element (clk_map/psr_aclk/U0/EXT_LPF/ACTIVE_LOW_EXT.ACT_LO_EXT/GENERATE_LEVEL_P_S_CDC.SINGLE_BIT.CROSS_PLEVEL_IN2SCNDRY_s_level_out_d6) is unused and will be removed from module bd_fe52.
WARNING: [Synth 8-3332] Sequential element (clk_map/psr_aclk/U0/EXT_LPF/ACTIVE_LOW_AUX.ACT_LO_AUX/GENERATE_LEVEL_P_S_CDC.SINGLE_BIT.CROSS_PLEVEL_IN2SCNDRY_s_level_out_d5) is unused and will be removed from module bd_fe52.
WARNING: [Synth 8-3332] Sequential element (clk_map/psr_aclk/U0/EXT_LPF/ACTIVE_LOW_AUX.ACT_LO_AUX/GENERATE_LEVEL_P_S_CDC.SINGLE_BIT.CROSS_PLEVEL_IN2SCNDRY_s_level_out_d6) is unused and will be removed from module bd_fe52.
WARNING: [Synth 8-3332] Sequential element (clk_map/psr_aclk/U0/FDRE_inst) is unused and will be removed from module bd_fe52.
WARNING: [Synth 8-3332] Sequential element (clk_map/psr_aclk/U0/BSR_OUT_DFF[0].FDRE_BSR) is unused and will be removed from module bd_fe52.
WARNING: [Synth 8-3332] Sequential element (clk_map/psr_aclk/U0/PR_OUT_DFF[0].FDRE_PER) is unused and will be removed from module bd_fe52.
WARNING: [Synth 8-3332] Sequential element (clk_map/psr_aclk/U0/ACTIVE_LOW_PR_OUT_DFF[0].FDRE_PER_N) is unused and will be removed from module bd_fe52.
WARNING: [Synth 8-3332] Sequential element (clk_map/psr_aclk1/U0/EXT_LPF/ACTIVE_LOW_EXT.ACT_LO_EXT/GENERATE_LEVEL_P_S_CDC.SINGLE_BIT.CROSS_PLEVEL_IN2SCNDRY_s_level_out_d5) is unused and will be removed from module bd_fe52.
WARNING: [Synth 8-3332] Sequential element (clk_map/psr_aclk1/U0/EXT_LPF/ACTIVE_LOW_EXT.ACT_LO_EXT/GENERATE_LEVEL_P_S_CDC.SINGLE_BIT.CROSS_PLEVEL_IN2SCNDRY_s_level_out_d6) is unused and will be removed from module bd_fe52.
WARNING: [Synth 8-3332] Sequential element (clk_map/psr_aclk1/U0/EXT_LPF/ACTIVE_LOW_AUX.ACT_LO_AUX/GENERATE_LEVEL_P_S_CDC.SINGLE_BIT.CROSS_PLEVEL_IN2SCNDRY_s_level_out_d5) is unused and will be removed from module bd_fe52.
WARNING: [Synth 8-3332] Sequential element (clk_map/psr_aclk1/U0/EXT_LPF/ACTIVE_LOW_AUX.ACT_LO_AUX/GENERATE_LEVEL_P_S_CDC.SINGLE_BIT.CROSS_PLEVEL_IN2SCNDRY_s_level_out_d6) is unused and will be removed from module bd_fe52.
WARNING: [Synth 8-3332] Sequential element (clk_map/psr_aclk1/U0/FDRE_inst) is unused and will be removed from module bd_fe52.
WARNING: [Synth 8-3332] Sequential element (clk_map/psr_aclk1/U0/BSR_OUT_DFF[0].FDRE_BSR) is unused and will be removed from module bd_fe52.
WARNING: [Synth 8-3332] Sequential element (clk_map/psr_aclk1/U0/PR_OUT_DFF[0].FDRE_PER) is unused and will be removed from module bd_fe52.
WARNING: [Synth 8-3332] Sequential element (clk_map/psr_aclk1/U0/ACTIVE_LOW_PR_OUT_DFF[0].FDRE_PER_N) is unused and will be removed from module bd_fe52.
---------------------------------------------------------------------------------
Finished Cross Boundary and Area Optimization : Time (s): cpu = 00:00:47 ; elapsed = 00:00:47 . Memory (MB): peak = 2869.172 ; gain = 256.469 ; free physical = 1107 ; free virtual = 4072
---------------------------------------------------------------------------------
---------------------------------------------------------------------------------
Start ROM, RAM, DSP, Shift Register and Retiming Reporting
---------------------------------------------------------------------------------

Distributed RAM: Preliminary Mapping Report (see note below)
+--------------------------------------------------------------------------------------------------------------------------------------------------------------------------+----------------------------------+----------------+----------------------+--------------+
|Module Name                                                                                                                                                               | RTL Object                       | Inference      | Size (Depth x Width) | Primitives   | 
+--------------------------------------------------------------------------------------------------------------------------------------------------------------------------+----------------------------------+----------------+----------------------+--------------+
|xpm_memory_sdpram:/xpm_memory_base_inst                                                                                                                                   | gen_wr_a.gen_word_narrow.mem_reg | User Attribute | 32 x 158             | RAM32M x 27  | 
|xpm_memory_sdpram:/xpm_memory_base_inst                                                                                                                                   | gen_wr_a.gen_word_narrow.mem_reg | User Attribute | 32 x 158             | RAM32M x 27  | 
|inst/\s00_nodes/s00_b_node/inst /\inst_mi_handler/gen_normal_area.inst_fifo_node_payld/gen_xpm_memory_fifo.inst_fifo/gen_mem_rep[0].inst_xpm_memory /xpm_memory_base_inst | gen_wr_a.gen_word_narrow.mem_reg | User Attribute | 32 x 24              | RAM32M x 4   | 
|inst/\s00_nodes/s00_r_node/inst /\inst_mi_handler/gen_normal_area.inst_fifo_node_payld/gen_xpm_memory_fifo.inst_fifo/gen_mem_rep[0].inst_xpm_memory /xpm_memory_base_inst | gen_wr_a.gen_word_narrow.mem_reg | User Attribute | 32 x 166             | RAM32M x 28  | 
|inst/\s00_nodes/s00_w_node/inst /\inst_mi_handler/gen_normal_area.inst_fifo_node_payld/gen_xpm_memory_fifo.inst_fifo/gen_mem_rep[0].inst_xpm_memory /xpm_memory_base_inst | gen_wr_a.gen_word_narrow.mem_reg | User Attribute | 32 x 178             | RAM32M x 30  | 
+--------------------------------------------------------------------------------------------------------------------------------------------------------------------------+----------------------------------+----------------+----------------------+--------------+

Note: The table above is a preliminary report that shows the Distributed RAMs at the current stage of the synthesis flow. Some Distributed RAMs may be reimplemented as non Distributed RAM primitives later in the synthesis flow. Multiple instantiated RAMs are reported only once.
---------------------------------------------------------------------------------
Finished ROM, RAM, DSP, Shift Register and Retiming Reporting
---------------------------------------------------------------------------------
---------------------------------------------------------------------------------
Start Applying XDC Timing Constraints
---------------------------------------------------------------------------------
---------------------------------------------------------------------------------
Finished Applying XDC Timing Constraints : Time (s): cpu = 00:00:52 ; elapsed = 00:00:53 . Memory (MB): peak = 2869.172 ; gain = 256.469 ; free physical = 1008 ; free virtual = 3973
---------------------------------------------------------------------------------
---------------------------------------------------------------------------------
Start Timing Optimization
---------------------------------------------------------------------------------
---------------------------------------------------------------------------------
Finished Timing Optimization : Time (s): cpu = 00:00:53 ; elapsed = 00:00:54 . Memory (MB): peak = 2869.172 ; gain = 256.469 ; free physical = 995 ; free virtual = 3959
---------------------------------------------------------------------------------
---------------------------------------------------------------------------------
Start ROM, RAM, DSP, Shift Register and Retiming Reporting
---------------------------------------------------------------------------------

Distributed RAM: Final Mapping Report
+--------------------------------------------------------------------------------------------------------------------------------------------------------------------------+----------------------------------+----------------+----------------------+--------------+
|Module Name                                                                                                                                                               | RTL Object                       | Inference      | Size (Depth x Width) | Primitives   | 
+--------------------------------------------------------------------------------------------------------------------------------------------------------------------------+----------------------------------+----------------+----------------------+--------------+
|xpm_memory_sdpram:/xpm_memory_base_inst                                                                                                                                   | gen_wr_a.gen_word_narrow.mem_reg | User Attribute | 32 x 158             | RAM32M x 27  | 
|xpm_memory_sdpram:/xpm_memory_base_inst                                                                                                                                   | gen_wr_a.gen_word_narrow.mem_reg | User Attribute | 32 x 158             | RAM32M x 27  | 
|inst/\s00_nodes/s00_b_node/inst /\inst_mi_handler/gen_normal_area.inst_fifo_node_payld/gen_xpm_memory_fifo.inst_fifo/gen_mem_rep[0].inst_xpm_memory /xpm_memory_base_inst | gen_wr_a.gen_word_narrow.mem_reg | User Attribute | 32 x 24              | RAM32M x 4   | 
|inst/\s00_nodes/s00_r_node/inst /\inst_mi_handler/gen_normal_area.inst_fifo_node_payld/gen_xpm_memory_fifo.inst_fifo/gen_mem_rep[0].inst_xpm_memory /xpm_memory_base_inst | gen_wr_a.gen_word_narrow.mem_reg | User Attribute | 32 x 166             | RAM32M x 28  | 
|inst/\s00_nodes/s00_w_node/inst /\inst_mi_handler/gen_normal_area.inst_fifo_node_payld/gen_xpm_memory_fifo.inst_fifo/gen_mem_rep[0].inst_xpm_memory /xpm_memory_base_inst | gen_wr_a.gen_word_narrow.mem_reg | User Attribute | 32 x 178             | RAM32M x 30  | 
+--------------------------------------------------------------------------------------------------------------------------------------------------------------------------+----------------------------------+----------------+----------------------+--------------+

---------------------------------------------------------------------------------
Finished ROM, RAM, DSP, Shift Register and Retiming Reporting
---------------------------------------------------------------------------------
---------------------------------------------------------------------------------
Start Technology Mapping
---------------------------------------------------------------------------------
---------------------------------------------------------------------------------
Finished Technology Mapping : Time (s): cpu = 00:00:55 ; elapsed = 00:00:56 . Memory (MB): peak = 2869.172 ; gain = 256.469 ; free physical = 980 ; free virtual = 3944
---------------------------------------------------------------------------------
---------------------------------------------------------------------------------
Start IO Insertion
---------------------------------------------------------------------------------
---------------------------------------------------------------------------------
Start Flattening Before IO Insertion
---------------------------------------------------------------------------------
---------------------------------------------------------------------------------
Finished Flattening Before IO Insertion
---------------------------------------------------------------------------------
---------------------------------------------------------------------------------
Start Final Netlist Cleanup
---------------------------------------------------------------------------------
---------------------------------------------------------------------------------
Finished Final Netlist Cleanup
---------------------------------------------------------------------------------
---------------------------------------------------------------------------------
Finished IO Insertion : Time (s): cpu = 00:00:59 ; elapsed = 00:01:00 . Memory (MB): peak = 2869.172 ; gain = 256.469 ; free physical = 994 ; free virtual = 3960
---------------------------------------------------------------------------------
---------------------------------------------------------------------------------
Start Renaming Generated Instances
---------------------------------------------------------------------------------
---------------------------------------------------------------------------------
Finished Renaming Generated Instances : Time (s): cpu = 00:00:59 ; elapsed = 00:01:00 . Memory (MB): peak = 2869.172 ; gain = 256.469 ; free physical = 994 ; free virtual = 3960
---------------------------------------------------------------------------------
---------------------------------------------------------------------------------
Start Rebuilding User Hierarchy
---------------------------------------------------------------------------------
---------------------------------------------------------------------------------
Finished Rebuilding User Hierarchy : Time (s): cpu = 00:00:59 ; elapsed = 00:01:01 . Memory (MB): peak = 2869.172 ; gain = 256.469 ; free physical = 994 ; free virtual = 3960
---------------------------------------------------------------------------------
---------------------------------------------------------------------------------
Start Renaming Generated Ports
---------------------------------------------------------------------------------
---------------------------------------------------------------------------------
Finished Renaming Generated Ports : Time (s): cpu = 00:00:59 ; elapsed = 00:01:01 . Memory (MB): peak = 2869.172 ; gain = 256.469 ; free physical = 994 ; free virtual = 3960
---------------------------------------------------------------------------------
---------------------------------------------------------------------------------
Start Handling Custom Attributes
---------------------------------------------------------------------------------
---------------------------------------------------------------------------------
Finished Handling Custom Attributes : Time (s): cpu = 00:00:59 ; elapsed = 00:01:01 . Memory (MB): peak = 2869.172 ; gain = 256.469 ; free physical = 994 ; free virtual = 3960
---------------------------------------------------------------------------------
---------------------------------------------------------------------------------
Start Renaming Generated Nets
---------------------------------------------------------------------------------
---------------------------------------------------------------------------------
Finished Renaming Generated Nets : Time (s): cpu = 00:00:59 ; elapsed = 00:01:01 . Memory (MB): peak = 2869.172 ; gain = 256.469 ; free physical = 994 ; free virtual = 3960
---------------------------------------------------------------------------------
---------------------------------------------------------------------------------
Start ROM, RAM, DSP, Shift Register and Retiming Reporting
---------------------------------------------------------------------------------

Dynamic Shift Register Report:
+------------+---------------+--------+------------+--------+---------+--------+--------+--------+
|Module Name | RTL Name      | Length | Data Width | SRL16E | SRLC32E | Mux F7 | Mux F8 | Mux F9 | 
+------------+---------------+--------+------------+--------+---------+--------+--------+--------+
|dsrl        | shift_reg_reg | 16     | 1          | 1      | 0       | 0      | 0      | 0      | 
|dsrl__1     | shift_reg_reg | 32     | 1          | 0      | 1       | 0      | 0      | 0      | 
+------------+---------------+--------+------------+--------+---------+--------+--------+--------+

---------------------------------------------------------------------------------
Finished ROM, RAM, DSP, Shift Register and Retiming Reporting
---------------------------------------------------------------------------------
---------------------------------------------------------------------------------
Start Writing Synthesis Report
---------------------------------------------------------------------------------

Report BlackBoxes: 
+-+--------------+----------+
| |BlackBox name |Instances |
+-+--------------+----------+
+-+--------------+----------+

Report Cell Usage: 
+------+--------+------+
|      |Cell    |Count |
+------+--------+------+
|1     |CARRY4  |     4|
|2     |LUT1    |    88|
|3     |LUT2    |   186|
|4     |LUT3    |   377|
|5     |LUT4    |   434|
|6     |LUT5    |   299|
|7     |LUT6    |   584|
|8     |MUXF7   |     9|
|9     |RAM32M  |    77|
|10    |SRL16   |     3|
|11    |SRL16E  |    86|
|12    |SRLC32E |   138|
|13    |FDCE    |    42|
|14    |FDR     |    20|
|15    |FDRE    |  2028|
|16    |FDSE    |    80|
+------+--------+------+
---------------------------------------------------------------------------------
Finished Writing Synthesis Report : Time (s): cpu = 00:00:59 ; elapsed = 00:01:01 . Memory (MB): peak = 2869.172 ; gain = 256.469 ; free physical = 994 ; free virtual = 3960
---------------------------------------------------------------------------------
Synthesis finished with 0 errors, 0 critical warnings and 16287 warnings.
Synthesis Optimization Runtime : Time (s): cpu = 00:00:48 ; elapsed = 00:00:51 . Memory (MB): peak = 2869.172 ; gain = 0.000 ; free physical = 1049 ; free virtual = 4015
Synthesis Optimization Complete : Time (s): cpu = 00:00:59 ; elapsed = 00:01:01 . Memory (MB): peak = 2869.172 ; gain = 256.469 ; free physical = 1049 ; free virtual = 4015
INFO: [Project 1-571] Translating synthesized netlist
Netlist sorting complete. Time (s): cpu = 00:00:00.16 ; elapsed = 00:00:00.15 . Memory (MB): peak = 2869.172 ; gain = 0.000 ; free physical = 1141 ; free virtual = 4108
INFO: [Netlist 29-17] Analyzing 113 Unisim elements for replacement
INFO: [Netlist 29-28] Unisim Transformation completed in 0 CPU seconds
INFO: [Project 1-570] Preparing netlist for logic optimization
INFO: [Opt 31-138] Pushed 0 inverter(s) to 0 load pin(s).
Netlist sorting complete. Time (s): cpu = 00:00:00 ; elapsed = 00:00:00.01 . Memory (MB): peak = 2869.172 ; gain = 0.000 ; free physical = 1087 ; free virtual = 4054
INFO: [Project 1-111] Unisim Transformation Summary:
  A total of 100 instances were transformed.
  FDR => FDRE: 20 instances
  RAM32M => RAM32M (RAMD32(x6), RAMS32(x2)): 77 instances
  SRL16 => SRL16E: 3 instances

Synth Design complete, checksum: d2c58e57
INFO: [Common 17-83] Releasing license: Synthesis
121 Infos, 154 Warnings, 0 Critical Warnings and 0 Errors encountered.
synth_design completed successfully
synth_design: Time (s): cpu = 00:01:10 ; elapsed = 00:01:07 . Memory (MB): peak = 2869.172 ; gain = 256.469 ; free physical = 1303 ; free virtual = 4269
INFO: [Common 17-1381] The checkpoint '/home/imocanu/Public/Vivado_proj/for_RISCV/riscv-ml/vivado_proj/riscv-ml/riscv-ml.runs/riscv_axi_smc_1_0_synth_1/riscv_axi_smc_1_0.dcp' has been generated.
INFO: [Coretcl 2-1648] Added synthesis output to IP cache for IP riscv_axi_smc_1_0, cache-ID = 6ece2953ce55e5e9
INFO: [Coretcl 2-1174] Renamed 365 cell refs.
INFO: [Common 17-1381] The checkpoint '/home/imocanu/Public/Vivado_proj/for_RISCV/riscv-ml/vivado_proj/riscv-ml/riscv-ml.runs/riscv_axi_smc_1_0_synth_1/riscv_axi_smc_1_0.dcp' has been generated.
INFO: [runtcl-4] Executing : report_utilization -file riscv_axi_smc_1_0_utilization_synth.rpt -pb riscv_axi_smc_1_0_utilization_synth.pb
INFO: [Common 17-206] Exiting Vivado at Sat Jun 25 18:46:17 2022...
