Copyright 1986-2022 Xilinx, Inc. All Rights Reserved.
-------------------------------------------------------------------------------------------------------------------------------------------------------------
| Tool Version     : Vivado v.2022.1 (lin64) Build 3526262 Mon Apr 18 15:47:01 MDT 2022
| Date             : Sat Jun 25 19:19:58 2022
| Host             : optiplex running 64-bit Ubuntu 22.04 LTS
| Command          : report_power -file riscv_wrapper_power_routed.rpt -pb riscv_wrapper_power_summary_routed.pb -rpx riscv_wrapper_power_routed.rpx
| Design           : riscv_wrapper
| Device           : xc7a100tfgg676-2
| Design State     : routed
| Grade            : commercial
| Process          : typical
| Characterization : Production
-------------------------------------------------------------------------------------------------------------------------------------------------------------

Power Report

Table of Contents
-----------------
1. Summary
1.1 On-Chip Components
1.2 Power Supply Summary
1.3 Confidence Level
2. Settings
2.1 Environment
2.2 Clock Constraints
3. Detailed Reports
3.1 By Hierarchy

1. Summary
----------

+--------------------------+--------------+
| Total On-Chip Power (W)  | 1.141        |
| Design Power Budget (W)  | Unspecified* |
| Power Budget Margin (W)  | NA           |
| Dynamic (W)              | 1.036        |
| Device Static (W)        | 0.105        |
| Effective TJA (C/W)      | 2.6          |
| Max Ambient (C)          | 82.0         |
| Junction Temperature (C) | 28.0         |
| Confidence Level         | Low          |
| Setting File             | ---          |
| Simulation Activity File | ---          |
| Design Nets Matched      | NA           |
+--------------------------+--------------+
* Specify Design Power Budget using, set_operating_conditions -design_power_budget <value in Watts>


1.1 On-Chip Components
----------------------

+--------------------------+-----------+----------+-----------+-----------------+
| On-Chip                  | Power (W) | Used     | Available | Utilization (%) |
+--------------------------+-----------+----------+-----------+-----------------+
| Clocks                   |     0.094 |       28 |       --- |             --- |
| Slice Logic              |     0.080 |    93927 |       --- |             --- |
|   LUT as Logic           |     0.070 |    44928 |     63400 |           70.86 |
|   LUT as Distributed RAM |     0.005 |     3346 |     19000 |           17.61 |
|   CARRY4                 |     0.002 |     1562 |     15850 |            9.85 |
|   Register               |     0.001 |    29089 |    126800 |           22.94 |
|   F7/F8 Muxes            |    <0.001 |     2618 |     63400 |            4.13 |
|   LUT as Shift Register  |    <0.001 |      382 |     19000 |            2.01 |
|   Others                 |     0.000 |     1453 |       --- |             --- |
| Signals                  |     0.112 |    71315 |       --- |             --- |
| Block RAM                |     0.034 |       12 |       135 |            8.89 |
| MMCM                     |     0.211 |        2 |         6 |           33.33 |
| PLL                      |     0.117 |        1 |         6 |           16.67 |
| DSPs                     |     0.010 |       15 |       240 |            6.25 |
| I/O                      |     0.262 |       65 |       300 |           21.67 |
| PHASER                   |     0.113 |       14 |       --- |             --- |
| XADC                     |     0.004 |        1 |       --- |             --- |
| Static Power             |     0.105 |          |           |                 |
| Total                    |     1.141 |          |           |                 |
+--------------------------+-----------+----------+-----------+-----------------+


1.2 Power Supply Summary
------------------------

+-----------+-------------+-----------+-------------+------------+-------------+-------------+------------+
| Source    | Voltage (V) | Total (A) | Dynamic (A) | Static (A) | Powerup (A) | Budget (A)  | Margin (A) |
+-----------+-------------+-----------+-------------+------------+-------------+-------------+------------+
| Vccint    |       1.000 |     0.383 |       0.366 |      0.017 |       NA    | Unspecified | NA         |
| Vccaux    |       1.800 |     0.299 |       0.281 |      0.018 |       NA    | Unspecified | NA         |
| Vcco33    |       3.300 |     0.005 |       0.001 |      0.004 |       NA    | Unspecified | NA         |
| Vcco25    |       2.500 |     0.000 |       0.000 |      0.000 |       NA    | Unspecified | NA         |
| Vcco18    |       1.800 |     0.000 |       0.000 |      0.000 |       NA    | Unspecified | NA         |
| Vcco15    |       1.500 |     0.000 |       0.000 |      0.000 |       NA    | Unspecified | NA         |
| Vcco135   |       1.350 |     0.120 |       0.116 |      0.004 |       NA    | Unspecified | NA         |
| Vcco12    |       1.200 |     0.000 |       0.000 |      0.000 |       NA    | Unspecified | NA         |
| Vccaux_io |       1.800 |     0.000 |       0.000 |      0.000 |       NA    | Unspecified | NA         |
| Vccbram   |       1.000 |     0.001 |       0.001 |      0.001 |       NA    | Unspecified | NA         |
| MGTAVcc   |       1.000 |     0.000 |       0.000 |      0.000 |       NA    | Unspecified | NA         |
| MGTAVtt   |       1.200 |     0.000 |       0.000 |      0.000 |       NA    | Unspecified | NA         |
| Vccadc    |       1.800 |     0.022 |       0.002 |      0.020 |       NA    | Unspecified | NA         |
+-----------+-------------+-----------+-------------+------------+-------------+-------------+------------+


1.3 Confidence Level
--------------------

+-----------------------------+------------+--------------------------------------------------------+------------------------------------------------------------------------------------------------------------+
| User Input Data             | Confidence | Details                                                | Action                                                                                                     |
+-----------------------------+------------+--------------------------------------------------------+------------------------------------------------------------------------------------------------------------+
| Design implementation state | High       | Design is routed                                       |                                                                                                            |
| Clock nodes activity        | High       | User specified more than 95% of clocks                 |                                                                                                            |
| I/O nodes activity          | Low        | More than 75% of inputs are missing user specification | Provide missing input activity with simulation results or by editing the "By Resource Type -> I/Os" view   |
| Internal nodes activity     | Medium     | User specified less than 25% of internal nodes         | Provide missing internal nodes activity with simulation results or by editing the "By Resource Type" views |
| Device models               | High       | Device models are Production                           |                                                                                                            |
|                             |            |                                                        |                                                                                                            |
| Overall confidence level    | Low        |                                                        |                                                                                                            |
+-----------------------------+------------+--------------------------------------------------------+------------------------------------------------------------------------------------------------------------+


2. Settings
-----------

2.1 Environment
---------------

+-----------------------+--------------------------+
| Ambient Temp (C)      | 25.0                     |
| ThetaJA (C/W)         | 2.6                      |
| Airflow (LFM)         | 250                      |
| Heat Sink             | medium (Medium Profile)  |
| ThetaSA (C/W)         | 4.6                      |
| Board Selection       | medium (10"x10")         |
| # of Board Layers     | 12to15 (12 to 15 Layers) |
| Board Temperature (C) | 25.0                     |
+-----------------------+--------------------------+


2.2 Clock Constraints
---------------------

+-----------------------------------------------------------------------------------------------------------------------------------------------------------+-------------------------------------------------------------------------------------------------------------------------------------------------------------------------------------------------------------------------------+-----------------+
| Clock                                                                                                                                                     | Domain                                                                                                                                                                                                                        | Constraint (ns) |
+-----------------------------------------------------------------------------------------------------------------------------------------------------------+-------------------------------------------------------------------------------------------------------------------------------------------------------------------------------------------------------------------------------+-----------------+
| clk_out1_riscv_clk_wiz_0_0                                                                                                                                | riscv_i/clk_wiz_0/inst/clk_out1_riscv_clk_wiz_0_0                                                                                                                                                                             |            12.5 |
| clk_out2_riscv_clk_wiz_0_0                                                                                                                                | riscv_i/clk_wiz_0/inst/clk_out2_riscv_clk_wiz_0_0                                                                                                                                                                             |             5.0 |
| clk_out3_riscv_clk_wiz_0_0                                                                                                                                | riscv_i/clk_wiz_0/inst/clk_out3_riscv_clk_wiz_0_0                                                                                                                                                                             |            10.0 |
| clk_out4_riscv_clk_wiz_0_0                                                                                                                                | riscv_i/clk_wiz_0/inst/clk_out4_riscv_clk_wiz_0_0                                                                                                                                                                             |             6.0 |
| clk_pll_i                                                                                                                                                 | riscv_i/DDR/mig_7series_0/u_riscv_mig_7series_0_0_mig/u_ddr3_infrastructure/clk_pll_i                                                                                                                                         |            12.0 |
| clkfbout_riscv_clk_wiz_0_0                                                                                                                                | riscv_i/clk_wiz_0/inst/clkfbout_riscv_clk_wiz_0_0                                                                                                                                                                             |            20.0 |
| freq_refclk                                                                                                                                               | riscv_i/DDR/mig_7series_0/u_riscv_mig_7series_0_0_mig/u_ddr3_infrastructure/freq_refclk                                                                                                                                       |             1.5 |
| iserdes_clkdiv                                                                                                                                            | riscv_i/DDR/mig_7series_0/u_riscv_mig_7series_0_0_mig/u_memc_ui_top_axi/mem_intfc0/ddr_phy_top0/u_ddr_mc_phy_wrapper/u_ddr_mc_phy/ddr_phy_4lanes_0.u_ddr_phy_4lanes/ddr_byte_lane_A.ddr_byte_lane_A/iserdes_clkdiv            |            12.0 |
| iserdes_clkdiv_1                                                                                                                                          | riscv_i/DDR/mig_7series_0/u_riscv_mig_7series_0_0_mig/u_memc_ui_top_axi/mem_intfc0/ddr_phy_top0/u_ddr_mc_phy_wrapper/u_ddr_mc_phy/ddr_phy_4lanes_0.u_ddr_phy_4lanes/ddr_byte_lane_B.ddr_byte_lane_B/iserdes_clkdiv            |            12.0 |
| mem_refclk                                                                                                                                                | riscv_i/DDR/mig_7series_0/u_riscv_mig_7series_0_0_mig/u_ddr3_infrastructure/mem_refclk                                                                                                                                        |             3.0 |
| oserdes_clk                                                                                                                                               | riscv_i/DDR/mig_7series_0/u_riscv_mig_7series_0_0_mig/u_memc_ui_top_axi/mem_intfc0/ddr_phy_top0/u_ddr_mc_phy_wrapper/u_ddr_mc_phy/ddr_phy_4lanes_0.u_ddr_phy_4lanes/ddr_byte_lane_A.ddr_byte_lane_A/oserdes_clk               |             3.0 |
| oserdes_clk_1                                                                                                                                             | riscv_i/DDR/mig_7series_0/u_riscv_mig_7series_0_0_mig/u_memc_ui_top_axi/mem_intfc0/ddr_phy_top0/u_ddr_mc_phy_wrapper/u_ddr_mc_phy/ddr_phy_4lanes_0.u_ddr_phy_4lanes/ddr_byte_lane_B.ddr_byte_lane_B/oserdes_clk               |             3.0 |
| oserdes_clk_2                                                                                                                                             | riscv_i/DDR/mig_7series_0/u_riscv_mig_7series_0_0_mig/u_memc_ui_top_axi/mem_intfc0/ddr_phy_top0/u_ddr_mc_phy_wrapper/u_ddr_mc_phy/ddr_phy_4lanes_0.u_ddr_phy_4lanes/ddr_byte_lane_C.ddr_byte_lane_C/oserdes_clk               |             3.0 |
| oserdes_clk_3                                                                                                                                             | riscv_i/DDR/mig_7series_0/u_riscv_mig_7series_0_0_mig/u_memc_ui_top_axi/mem_intfc0/ddr_phy_top0/u_ddr_mc_phy_wrapper/u_ddr_mc_phy/ddr_phy_4lanes_0.u_ddr_phy_4lanes/ddr_byte_lane_D.ddr_byte_lane_D/oserdes_clk               |             3.0 |
| oserdes_clkdiv                                                                                                                                            | riscv_i/DDR/mig_7series_0/u_riscv_mig_7series_0_0_mig/u_memc_ui_top_axi/mem_intfc0/ddr_phy_top0/u_ddr_mc_phy_wrapper/u_ddr_mc_phy/ddr_phy_4lanes_0.u_ddr_phy_4lanes/ddr_byte_lane_A.ddr_byte_lane_A/oserdes_clkdiv            |             6.0 |
| oserdes_clkdiv_1                                                                                                                                          | riscv_i/DDR/mig_7series_0/u_riscv_mig_7series_0_0_mig/u_memc_ui_top_axi/mem_intfc0/ddr_phy_top0/u_ddr_mc_phy_wrapper/u_ddr_mc_phy/ddr_phy_4lanes_0.u_ddr_phy_4lanes/ddr_byte_lane_B.ddr_byte_lane_B/oserdes_clkdiv            |             6.0 |
| oserdes_clkdiv_2                                                                                                                                          | riscv_i/DDR/mig_7series_0/u_riscv_mig_7series_0_0_mig/u_memc_ui_top_axi/mem_intfc0/ddr_phy_top0/u_ddr_mc_phy_wrapper/u_ddr_mc_phy/ddr_phy_4lanes_0.u_ddr_phy_4lanes/ddr_byte_lane_C.ddr_byte_lane_C/oserdes_clkdiv            |            12.0 |
| oserdes_clkdiv_3                                                                                                                                          | riscv_i/DDR/mig_7series_0/u_riscv_mig_7series_0_0_mig/u_memc_ui_top_axi/mem_intfc0/ddr_phy_top0/u_ddr_mc_phy_wrapper/u_ddr_mc_phy/ddr_phy_4lanes_0.u_ddr_phy_4lanes/ddr_byte_lane_D.ddr_byte_lane_D/oserdes_clkdiv            |            12.0 |
| pll_clk3_out                                                                                                                                              | riscv_i/DDR/mig_7series_0/u_riscv_mig_7series_0_0_mig/u_ddr3_infrastructure/pll_clk3_out                                                                                                                                      |            12.0 |
| pll_clkfbout                                                                                                                                              | riscv_i/DDR/mig_7series_0/u_riscv_mig_7series_0_0_mig/u_ddr3_infrastructure/pll_clkfbout                                                                                                                                      |             6.0 |
| riscv_i/BSCAN/inst/bs_switch/inst/BSCAN_SWITCH.N_EXT_BSCAN.bscan_inst/SERIES7_BSCAN.bscan_inst/TCK                                                        | riscv_i/BSCAN/inst/bs_switch/inst/BSCAN_SWITCH.N_EXT_BSCAN.bscan_inst/TCK                                                                                                                                                     |            33.0 |
| riscv_i/BSCAN/inst/bs_switch/inst/BSCAN_SWITCH.N_EXT_BSCAN.bscan_inst/SERIES7_BSCAN.bscan_inst/TCK                                                        | riscv_i/JTAG/inst/jtag_tck                                                                                                                                                                                                    |            33.0 |
| sync_pulse                                                                                                                                                | riscv_i/DDR/mig_7series_0/u_riscv_mig_7series_0_0_mig/u_ddr3_infrastructure/sync_pulse                                                                                                                                        |            48.0 |
| sys_clock                                                                                                                                                 | sys_clock                                                                                                                                                                                                                     |            20.0 |
| u_memc_ui_top_axi/mem_intfc0/ddr_phy_top0/u_ddr_mc_phy_wrapper/u_ddr_mc_phy/ddr_phy_4lanes_0.u_ddr_phy_4lanes/ddr_byte_lane_A.ddr_byte_lane_A/iserdes_clk | riscv_i/DDR/mig_7series_0/u_riscv_mig_7series_0_0_mig/u_memc_ui_top_axi/mem_intfc0/ddr_phy_top0/u_ddr_mc_phy_wrapper/u_ddr_mc_phy/ddr_phy_4lanes_0.u_ddr_phy_4lanes/ddr_byte_lane_A.ddr_byte_lane_A/phaser_in_gen.phaser_in_0 |             3.0 |
| u_memc_ui_top_axi/mem_intfc0/ddr_phy_top0/u_ddr_mc_phy_wrapper/u_ddr_mc_phy/ddr_phy_4lanes_0.u_ddr_phy_4lanes/ddr_byte_lane_B.ddr_byte_lane_B/iserdes_clk | riscv_i/DDR/mig_7series_0/u_riscv_mig_7series_0_0_mig/u_memc_ui_top_axi/mem_intfc0/ddr_phy_top0/u_ddr_mc_phy_wrapper/u_ddr_mc_phy/ddr_phy_4lanes_0.u_ddr_phy_4lanes/ddr_byte_lane_B.ddr_byte_lane_B/phaser_in_gen.phaser_in_0 |             3.0 |
+-----------------------------------------------------------------------------------------------------------------------------------------------------------+-------------------------------------------------------------------------------------------------------------------------------------------------------------------------------------------------------------------------------+-----------------+


3. Detailed Reports
-------------------

3.1 By Hierarchy
----------------

+----------------------+-----------+
| Name                 | Power (W) |
+----------------------+-----------+
| riscv_wrapper        |     1.036 |
|   riscv_i            |     1.034 |
|     DDR              |     0.621 |
|       axi_smc_1      |     0.014 |
|       mig_7series_0  |     0.606 |
|     IO               |     0.043 |
|       SD             |     0.011 |
|       UART           |     0.001 |
|       axi_quad_spi_0 |     0.002 |
|       io_axi_m       |     0.019 |
|       io_axi_s       |     0.009 |
|     RocketChip       |     0.245 |
|       inst           |     0.243 |
|     clk_wiz_0        |     0.124 |
|       inst           |     0.124 |
+----------------------+-----------+


