Copyright 1986-2022 Xilinx, Inc. All Rights Reserved.
---------------------------------------------------------------------------------------------------------------------------------
| Tool Version : Vivado v.2022.1 (lin64) Build 3526262 Mon Apr 18 15:47:01 MDT 2022
| Date         : Sat Jun 25 19:19:21 2022
| Host         : optiplex running 64-bit Ubuntu 22.04 LTS
| Command      : report_drc -file riscv_wrapper_drc_routed.rpt -pb riscv_wrapper_drc_routed.pb -rpx riscv_wrapper_drc_routed.rpx
| Design       : riscv_wrapper
| Device       : xc7a100tfgg676-2
| Speed File   : -2
| Design State : Fully Routed
---------------------------------------------------------------------------------------------------------------------------------

Report DRC

Table of Contents
-----------------
1. REPORT SUMMARY
2. REPORT DETAILS

1. REPORT SUMMARY
-----------------
            Netlist: netlist
          Floorplan: design_1
      Design limits: <entire design considered>
           Ruledeck: default
             Max violations: <unlimited>
             Violations found: 36
+-----------+----------+--------------------------+------------+
| Rule      | Severity | Description              | Violations |
+-----------+----------+--------------------------+------------+
| BUFC-1    | Warning  | Input Buffer Connections | 2          |
| DPIP-1    | Warning  | Input pipelining         | 8          |
| DPOP-1    | Warning  | PREG Output pipelining   | 11         |
| DPOP-2    | Warning  | MREG Output pipelining   | 11         |
| PDCN-1569 | Warning  | LUT equation term check  | 2          |
| REQP-1709 | Warning  | Clock output buffering   | 1          |
| RTSTAT-10 | Warning  | No routable loads        | 1          |
+-----------+----------+--------------------------+------------+

2. REPORT DETAILS
-----------------
BUFC-1#1 Warning
Input Buffer Connections  
Input buffer qspi_flash_sck_iobuf/IBUF (in qspi_flash_sck_iobuf macro) has no loads. It is recommended to have an input buffer drive an internal load.
Related violations: <none>

BUFC-1#2 Warning
Input Buffer Connections  
Input buffer qspi_flash_ss_iobuf/IBUF (in qspi_flash_ss_iobuf macro) has no loads. It is recommended to have an input buffer drive an internal load.
Related violations: <none>

DPIP-1#1 Warning
Input pipelining  
DSP riscv_i/RocketChip/inst/rocket_system/tile_prci_domain/tile_reset_domain_tile/fpuOpt/dfma/fma/_mulAddResult_T input riscv_i/RocketChip/inst/rocket_system/tile_prci_domain/tile_reset_domain_tile/fpuOpt/dfma/fma/_mulAddResult_T/A[29:0] is not pipelined. Pipelining DSP48 input will improve performance.
Related violations: <none>

DPIP-1#2 Warning
Input pipelining  
DSP riscv_i/RocketChip/inst/rocket_system/tile_prci_domain/tile_reset_domain_tile/fpuOpt/dfma/fma/_mulAddResult_T__0 input riscv_i/RocketChip/inst/rocket_system/tile_prci_domain/tile_reset_domain_tile/fpuOpt/dfma/fma/_mulAddResult_T__0/A[29:0] is not pipelined. Pipelining DSP48 input will improve performance.
Related violations: <none>

DPIP-1#3 Warning
Input pipelining  
DSP riscv_i/RocketChip/inst/rocket_system/tile_prci_domain/tile_reset_domain_tile/fpuOpt/dfma/fma/_mulAddResult_T__1 input riscv_i/RocketChip/inst/rocket_system/tile_prci_domain/tile_reset_domain_tile/fpuOpt/dfma/fma/_mulAddResult_T__1/A[29:0] is not pipelined. Pipelining DSP48 input will improve performance.
Related violations: <none>

DPIP-1#4 Warning
Input pipelining  
DSP riscv_i/RocketChip/inst/rocket_system/tile_prci_domain/tile_reset_domain_tile/fpuOpt/dfma/fma/_mulAddResult_T__2 input riscv_i/RocketChip/inst/rocket_system/tile_prci_domain/tile_reset_domain_tile/fpuOpt/dfma/fma/_mulAddResult_T__2/A[29:0] is not pipelined. Pipelining DSP48 input will improve performance.
Related violations: <none>

DPIP-1#5 Warning
Input pipelining  
DSP riscv_i/RocketChip/inst/rocket_system/tile_prci_domain/tile_reset_domain_tile/fpuOpt/dfma/fma/_mulAddResult_T__4 input riscv_i/RocketChip/inst/rocket_system/tile_prci_domain/tile_reset_domain_tile/fpuOpt/dfma/fma/_mulAddResult_T__4/A[29:0] is not pipelined. Pipelining DSP48 input will improve performance.
Related violations: <none>

DPIP-1#6 Warning
Input pipelining  
DSP riscv_i/RocketChip/inst/rocket_system/tile_prci_domain/tile_reset_domain_tile/fpuOpt/sfma/fma/_mulAddResult_T input riscv_i/RocketChip/inst/rocket_system/tile_prci_domain/tile_reset_domain_tile/fpuOpt/sfma/fma/_mulAddResult_T/A[29:0] is not pipelined. Pipelining DSP48 input will improve performance.
Related violations: <none>

DPIP-1#7 Warning
Input pipelining  
DSP riscv_i/RocketChip/inst/rocket_system/tile_prci_domain/tile_reset_domain_tile/fpuOpt/sfma/fma/_mulAddResult_T__0 input riscv_i/RocketChip/inst/rocket_system/tile_prci_domain/tile_reset_domain_tile/fpuOpt/sfma/fma/_mulAddResult_T__0/A[29:0] is not pipelined. Pipelining DSP48 input will improve performance.
Related violations: <none>

DPIP-1#8 Warning
Input pipelining  
DSP riscv_i/RocketChip/inst/rocket_system/tile_prci_domain/tile_reset_domain_tile/fpuOpt/sfma/fma/_mulAddResult_T__0 input riscv_i/RocketChip/inst/rocket_system/tile_prci_domain/tile_reset_domain_tile/fpuOpt/sfma/fma/_mulAddResult_T__0/B[17:0] is not pipelined. Pipelining DSP48 input will improve performance.
Related violations: <none>

DPOP-1#1 Warning
PREG Output pipelining  
DSP riscv_i/RocketChip/inst/rocket_system/tile_prci_domain/tile_reset_domain_tile/core/div/_prod_T_3 output riscv_i/RocketChip/inst/rocket_system/tile_prci_domain/tile_reset_domain_tile/core/div/_prod_T_3/P[47:0] is not pipelined (PREG=0). Pipelining the DSP48 output will improve performance and often saves power so it is suggested whenever possible to fully pipeline this function.  If this DSP48 function was inferred, it is suggested to describe an additional register stage after this function.  If the DSP48 was instantiated in the design, it is suggested to set the PREG attribute to 1.
Related violations: <none>

DPOP-1#2 Warning
PREG Output pipelining  
DSP riscv_i/RocketChip/inst/rocket_system/tile_prci_domain/tile_reset_domain_tile/core/div/_prod_T_3__0 output riscv_i/RocketChip/inst/rocket_system/tile_prci_domain/tile_reset_domain_tile/core/div/_prod_T_3__0/P[47:0] is not pipelined (PREG=0). Pipelining the DSP48 output will improve performance and often saves power so it is suggested whenever possible to fully pipeline this function.  If this DSP48 function was inferred, it is suggested to describe an additional register stage after this function.  If the DSP48 was instantiated in the design, it is suggested to set the PREG attribute to 1.
Related violations: <none>

DPOP-1#3 Warning
PREG Output pipelining  
DSP riscv_i/RocketChip/inst/rocket_system/tile_prci_domain/tile_reset_domain_tile/core/div/_prod_T_3__1 output riscv_i/RocketChip/inst/rocket_system/tile_prci_domain/tile_reset_domain_tile/core/div/_prod_T_3__1/P[47:0] is not pipelined (PREG=0). Pipelining the DSP48 output will improve performance and often saves power so it is suggested whenever possible to fully pipeline this function.  If this DSP48 function was inferred, it is suggested to describe an additional register stage after this function.  If the DSP48 was instantiated in the design, it is suggested to set the PREG attribute to 1.
Related violations: <none>

DPOP-1#4 Warning
PREG Output pipelining  
DSP riscv_i/RocketChip/inst/rocket_system/tile_prci_domain/tile_reset_domain_tile/core/div/_prod_T_3__2 output riscv_i/RocketChip/inst/rocket_system/tile_prci_domain/tile_reset_domain_tile/core/div/_prod_T_3__2/P[47:0] is not pipelined (PREG=0). Pipelining the DSP48 output will improve performance and often saves power so it is suggested whenever possible to fully pipeline this function.  If this DSP48 function was inferred, it is suggested to describe an additional register stage after this function.  If the DSP48 was instantiated in the design, it is suggested to set the PREG attribute to 1.
Related violations: <none>

DPOP-1#5 Warning
PREG Output pipelining  
DSP riscv_i/RocketChip/inst/rocket_system/tile_prci_domain/tile_reset_domain_tile/fpuOpt/dfma/fma/_mulAddResult_T__0 output riscv_i/RocketChip/inst/rocket_system/tile_prci_domain/tile_reset_domain_tile/fpuOpt/dfma/fma/_mulAddResult_T__0/P[47:0] is not pipelined (PREG=0). Pipelining the DSP48 output will improve performance and often saves power so it is suggested whenever possible to fully pipeline this function.  If this DSP48 function was inferred, it is suggested to describe an additional register stage after this function.  If the DSP48 was instantiated in the design, it is suggested to set the PREG attribute to 1.
Related violations: <none>

DPOP-1#6 Warning
PREG Output pipelining  
DSP riscv_i/RocketChip/inst/rocket_system/tile_prci_domain/tile_reset_domain_tile/fpuOpt/dfma/fma/_mulAddResult_T__1 output riscv_i/RocketChip/inst/rocket_system/tile_prci_domain/tile_reset_domain_tile/fpuOpt/dfma/fma/_mulAddResult_T__1/P[47:0] is not pipelined (PREG=0). Pipelining the DSP48 output will improve performance and often saves power so it is suggested whenever possible to fully pipeline this function.  If this DSP48 function was inferred, it is suggested to describe an additional register stage after this function.  If the DSP48 was instantiated in the design, it is suggested to set the PREG attribute to 1.
Related violations: <none>

DPOP-1#7 Warning
PREG Output pipelining  
DSP riscv_i/RocketChip/inst/rocket_system/tile_prci_domain/tile_reset_domain_tile/fpuOpt/dfma/fma/_mulAddResult_T__4 output riscv_i/RocketChip/inst/rocket_system/tile_prci_domain/tile_reset_domain_tile/fpuOpt/dfma/fma/_mulAddResult_T__4/P[47:0] is not pipelined (PREG=0). Pipelining the DSP48 output will improve performance and often saves power so it is suggested whenever possible to fully pipeline this function.  If this DSP48 function was inferred, it is suggested to describe an additional register stage after this function.  If the DSP48 was instantiated in the design, it is suggested to set the PREG attribute to 1.
Related violations: <none>

DPOP-1#8 Warning
PREG Output pipelining  
DSP riscv_i/RocketChip/inst/rocket_system/tile_prci_domain/tile_reset_domain_tile/fpuOpt/dfma/fma/_mulAddResult_T__5 output riscv_i/RocketChip/inst/rocket_system/tile_prci_domain/tile_reset_domain_tile/fpuOpt/dfma/fma/_mulAddResult_T__5/P[47:0] is not pipelined (PREG=0). Pipelining the DSP48 output will improve performance and often saves power so it is suggested whenever possible to fully pipeline this function.  If this DSP48 function was inferred, it is suggested to describe an additional register stage after this function.  If the DSP48 was instantiated in the design, it is suggested to set the PREG attribute to 1.
Related violations: <none>

DPOP-1#9 Warning
PREG Output pipelining  
DSP riscv_i/RocketChip/inst/rocket_system/tile_prci_domain/tile_reset_domain_tile/fpuOpt/dfma/fma/_mulAddResult_T__7 output riscv_i/RocketChip/inst/rocket_system/tile_prci_domain/tile_reset_domain_tile/fpuOpt/dfma/fma/_mulAddResult_T__7/P[47:0] is not pipelined (PREG=0). Pipelining the DSP48 output will improve performance and often saves power so it is suggested whenever possible to fully pipeline this function.  If this DSP48 function was inferred, it is suggested to describe an additional register stage after this function.  If the DSP48 was instantiated in the design, it is suggested to set the PREG attribute to 1.
Related violations: <none>

DPOP-1#10 Warning
PREG Output pipelining  
DSP riscv_i/RocketChip/inst/rocket_system/tile_prci_domain/tile_reset_domain_tile/fpuOpt/sfma/fma/_mulAddResult_T output riscv_i/RocketChip/inst/rocket_system/tile_prci_domain/tile_reset_domain_tile/fpuOpt/sfma/fma/_mulAddResult_T/P[47:0] is not pipelined (PREG=0). Pipelining the DSP48 output will improve performance and often saves power so it is suggested whenever possible to fully pipeline this function.  If this DSP48 function was inferred, it is suggested to describe an additional register stage after this function.  If the DSP48 was instantiated in the design, it is suggested to set the PREG attribute to 1.
Related violations: <none>

DPOP-1#11 Warning
PREG Output pipelining  
DSP riscv_i/RocketChip/inst/rocket_system/tile_prci_domain/tile_reset_domain_tile/fpuOpt/sfma/fma/_mulAddResult_T__0 output riscv_i/RocketChip/inst/rocket_system/tile_prci_domain/tile_reset_domain_tile/fpuOpt/sfma/fma/_mulAddResult_T__0/P[47:0] is not pipelined (PREG=0). Pipelining the DSP48 output will improve performance and often saves power so it is suggested whenever possible to fully pipeline this function.  If this DSP48 function was inferred, it is suggested to describe an additional register stage after this function.  If the DSP48 was instantiated in the design, it is suggested to set the PREG attribute to 1.
Related violations: <none>

DPOP-2#1 Warning
MREG Output pipelining  
DSP riscv_i/RocketChip/inst/rocket_system/tile_prci_domain/tile_reset_domain_tile/core/div/_prod_T_3 multiplier stage riscv_i/RocketChip/inst/rocket_system/tile_prci_domain/tile_reset_domain_tile/core/div/_prod_T_3/P[47:0] is not pipelined (MREG=0). Pipelining the multiplier function will improve performance and will save significant power so it is suggested whenever possible to fully pipeline this function.  If this multiplier was inferred, it is suggested to describe an additional register stage after this function.  If there is no registered adder/accumulator following the multiply function, two pipeline stages are suggested to allow both the MREG and PREG registers to be used.  If the DSP48 was instantiated in the design, it is suggested to set both the MREG and PREG attributes to 1 when performing multiply functions.
Related violations: <none>

DPOP-2#2 Warning
MREG Output pipelining  
DSP riscv_i/RocketChip/inst/rocket_system/tile_prci_domain/tile_reset_domain_tile/core/div/_prod_T_3__0 multiplier stage riscv_i/RocketChip/inst/rocket_system/tile_prci_domain/tile_reset_domain_tile/core/div/_prod_T_3__0/P[47:0] is not pipelined (MREG=0). Pipelining the multiplier function will improve performance and will save significant power so it is suggested whenever possible to fully pipeline this function.  If this multiplier was inferred, it is suggested to describe an additional register stage after this function.  If there is no registered adder/accumulator following the multiply function, two pipeline stages are suggested to allow both the MREG and PREG registers to be used.  If the DSP48 was instantiated in the design, it is suggested to set both the MREG and PREG attributes to 1 when performing multiply functions.
Related violations: <none>

DPOP-2#3 Warning
MREG Output pipelining  
DSP riscv_i/RocketChip/inst/rocket_system/tile_prci_domain/tile_reset_domain_tile/core/div/_prod_T_3__1 multiplier stage riscv_i/RocketChip/inst/rocket_system/tile_prci_domain/tile_reset_domain_tile/core/div/_prod_T_3__1/P[47:0] is not pipelined (MREG=0). Pipelining the multiplier function will improve performance and will save significant power so it is suggested whenever possible to fully pipeline this function.  If this multiplier was inferred, it is suggested to describe an additional register stage after this function.  If there is no registered adder/accumulator following the multiply function, two pipeline stages are suggested to allow both the MREG and PREG registers to be used.  If the DSP48 was instantiated in the design, it is suggested to set both the MREG and PREG attributes to 1 when performing multiply functions.
Related violations: <none>

DPOP-2#4 Warning
MREG Output pipelining  
DSP riscv_i/RocketChip/inst/rocket_system/tile_prci_domain/tile_reset_domain_tile/core/div/_prod_T_3__2 multiplier stage riscv_i/RocketChip/inst/rocket_system/tile_prci_domain/tile_reset_domain_tile/core/div/_prod_T_3__2/P[47:0] is not pipelined (MREG=0). Pipelining the multiplier function will improve performance and will save significant power so it is suggested whenever possible to fully pipeline this function.  If this multiplier was inferred, it is suggested to describe an additional register stage after this function.  If there is no registered adder/accumulator following the multiply function, two pipeline stages are suggested to allow both the MREG and PREG registers to be used.  If the DSP48 was instantiated in the design, it is suggested to set both the MREG and PREG attributes to 1 when performing multiply functions.
Related violations: <none>

DPOP-2#5 Warning
MREG Output pipelining  
DSP riscv_i/RocketChip/inst/rocket_system/tile_prci_domain/tile_reset_domain_tile/fpuOpt/dfma/fma/_mulAddResult_T__0 multiplier stage riscv_i/RocketChip/inst/rocket_system/tile_prci_domain/tile_reset_domain_tile/fpuOpt/dfma/fma/_mulAddResult_T__0/P[47:0] is not pipelined (MREG=0). Pipelining the multiplier function will improve performance and will save significant power so it is suggested whenever possible to fully pipeline this function.  If this multiplier was inferred, it is suggested to describe an additional register stage after this function.  If there is no registered adder/accumulator following the multiply function, two pipeline stages are suggested to allow both the MREG and PREG registers to be used.  If the DSP48 was instantiated in the design, it is suggested to set both the MREG and PREG attributes to 1 when performing multiply functions.
Related violations: <none>

DPOP-2#6 Warning
MREG Output pipelining  
DSP riscv_i/RocketChip/inst/rocket_system/tile_prci_domain/tile_reset_domain_tile/fpuOpt/dfma/fma/_mulAddResult_T__1 multiplier stage riscv_i/RocketChip/inst/rocket_system/tile_prci_domain/tile_reset_domain_tile/fpuOpt/dfma/fma/_mulAddResult_T__1/P[47:0] is not pipelined (MREG=0). Pipelining the multiplier function will improve performance and will save significant power so it is suggested whenever possible to fully pipeline this function.  If this multiplier was inferred, it is suggested to describe an additional register stage after this function.  If there is no registered adder/accumulator following the multiply function, two pipeline stages are suggested to allow both the MREG and PREG registers to be used.  If the DSP48 was instantiated in the design, it is suggested to set both the MREG and PREG attributes to 1 when performing multiply functions.
Related violations: <none>

DPOP-2#7 Warning
MREG Output pipelining  
DSP riscv_i/RocketChip/inst/rocket_system/tile_prci_domain/tile_reset_domain_tile/fpuOpt/dfma/fma/_mulAddResult_T__4 multiplier stage riscv_i/RocketChip/inst/rocket_system/tile_prci_domain/tile_reset_domain_tile/fpuOpt/dfma/fma/_mulAddResult_T__4/P[47:0] is not pipelined (MREG=0). Pipelining the multiplier function will improve performance and will save significant power so it is suggested whenever possible to fully pipeline this function.  If this multiplier was inferred, it is suggested to describe an additional register stage after this function.  If there is no registered adder/accumulator following the multiply function, two pipeline stages are suggested to allow both the MREG and PREG registers to be used.  If the DSP48 was instantiated in the design, it is suggested to set both the MREG and PREG attributes to 1 when performing multiply functions.
Related violations: <none>

DPOP-2#8 Warning
MREG Output pipelining  
DSP riscv_i/RocketChip/inst/rocket_system/tile_prci_domain/tile_reset_domain_tile/fpuOpt/dfma/fma/_mulAddResult_T__5 multiplier stage riscv_i/RocketChip/inst/rocket_system/tile_prci_domain/tile_reset_domain_tile/fpuOpt/dfma/fma/_mulAddResult_T__5/P[47:0] is not pipelined (MREG=0). Pipelining the multiplier function will improve performance and will save significant power so it is suggested whenever possible to fully pipeline this function.  If this multiplier was inferred, it is suggested to describe an additional register stage after this function.  If there is no registered adder/accumulator following the multiply function, two pipeline stages are suggested to allow both the MREG and PREG registers to be used.  If the DSP48 was instantiated in the design, it is suggested to set both the MREG and PREG attributes to 1 when performing multiply functions.
Related violations: <none>

DPOP-2#9 Warning
MREG Output pipelining  
DSP riscv_i/RocketChip/inst/rocket_system/tile_prci_domain/tile_reset_domain_tile/fpuOpt/dfma/fma/_mulAddResult_T__7 multiplier stage riscv_i/RocketChip/inst/rocket_system/tile_prci_domain/tile_reset_domain_tile/fpuOpt/dfma/fma/_mulAddResult_T__7/P[47:0] is not pipelined (MREG=0). Pipelining the multiplier function will improve performance and will save significant power so it is suggested whenever possible to fully pipeline this function.  If this multiplier was inferred, it is suggested to describe an additional register stage after this function.  If there is no registered adder/accumulator following the multiply function, two pipeline stages are suggested to allow both the MREG and PREG registers to be used.  If the DSP48 was instantiated in the design, it is suggested to set both the MREG and PREG attributes to 1 when performing multiply functions.
Related violations: <none>

DPOP-2#10 Warning
MREG Output pipelining  
DSP riscv_i/RocketChip/inst/rocket_system/tile_prci_domain/tile_reset_domain_tile/fpuOpt/sfma/fma/_mulAddResult_T multiplier stage riscv_i/RocketChip/inst/rocket_system/tile_prci_domain/tile_reset_domain_tile/fpuOpt/sfma/fma/_mulAddResult_T/P[47:0] is not pipelined (MREG=0). Pipelining the multiplier function will improve performance and will save significant power so it is suggested whenever possible to fully pipeline this function.  If this multiplier was inferred, it is suggested to describe an additional register stage after this function.  If there is no registered adder/accumulator following the multiply function, two pipeline stages are suggested to allow both the MREG and PREG registers to be used.  If the DSP48 was instantiated in the design, it is suggested to set both the MREG and PREG attributes to 1 when performing multiply functions.
Related violations: <none>

DPOP-2#11 Warning
MREG Output pipelining  
DSP riscv_i/RocketChip/inst/rocket_system/tile_prci_domain/tile_reset_domain_tile/fpuOpt/sfma/fma/_mulAddResult_T__0 multiplier stage riscv_i/RocketChip/inst/rocket_system/tile_prci_domain/tile_reset_domain_tile/fpuOpt/sfma/fma/_mulAddResult_T__0/P[47:0] is not pipelined (MREG=0). Pipelining the multiplier function will improve performance and will save significant power so it is suggested whenever possible to fully pipeline this function.  If this multiplier was inferred, it is suggested to describe an additional register stage after this function.  If there is no registered adder/accumulator following the multiply function, two pipeline stages are suggested to allow both the MREG and PREG registers to be used.  If the DSP48 was instantiated in the design, it is suggested to set both the MREG and PREG attributes to 1 when performing multiply functions.
Related violations: <none>

PDCN-1569#1 Warning
LUT equation term check  
Used physical LUT pin 'A3' of cell riscv_i/BSCAN/inst/bs_switch/inst/BSCAN_SWITCH.N_EXT_BSCAN.bscan_switch/temp_curid[31]_i_1 (pin riscv_i/BSCAN/inst/bs_switch/inst/BSCAN_SWITCH.N_EXT_BSCAN.bscan_switch/temp_curid[31]_i_1/I1) is not included in the LUT equation: 'O5=(A2*A5)+(A2*(~A5)*(~A1))+((~A2))'. If this cell is a user instantiated LUT in the design, please remove connectivity to the pin or change the equation and/or INIT string of the LUT to prevent this issue. If the cell is inferred or IP created LUT, please regenerate the IP and/or resynthesize the design to attempt to correct the issue.
Related violations: <none>

PDCN-1569#2 Warning
LUT equation term check  
Used physical LUT pin 'A4' of cell riscv_i/BSCAN/inst/bs_switch/inst/BSCAN_SWITCH.N_EXT_BSCAN.bscan_switch/temp_curid[31]_i_1 (pin riscv_i/BSCAN/inst/bs_switch/inst/BSCAN_SWITCH.N_EXT_BSCAN.bscan_switch/temp_curid[31]_i_1/I0) is not included in the LUT equation: 'O5=(A2*A5)+(A2*(~A5)*(~A1))+((~A2))'. If this cell is a user instantiated LUT in the design, please remove connectivity to the pin or change the equation and/or INIT string of the LUT to prevent this issue. If the cell is inferred or IP created LUT, please regenerate the IP and/or resynthesize the design to attempt to correct the issue.
Related violations: <none>

REQP-1709#1 Warning
Clock output buffering  
PLLE2_ADV connectivity violation. The signal riscv_i/DDR/mig_7series_0/u_riscv_mig_7series_0_0_mig/u_ddr3_infrastructure/pll_clk3_out on the riscv_i/DDR/mig_7series_0/u_riscv_mig_7series_0_0_mig/u_ddr3_infrastructure/plle2_i/CLKOUT3 pin of riscv_i/DDR/mig_7series_0/u_riscv_mig_7series_0_0_mig/u_ddr3_infrastructure/plle2_i does not drive the same kind of BUFFER load as the other CLKOUT pins. Routing from the different buffer types will not be phase aligned.
Related violations: <none>

RTSTAT-10#1 Warning
No routable loads  
25 net(s) have no routable loads. The problem bus(es) and/or net(s) are riscv_i/BSCAN/inst/bs_switch/inst/BSCAN_SWITCH.N_EXT_BSCAN.bscan_switch/m_bscan_drck[0],
riscv_i/BSCAN/inst/bs_switch/inst/BSCAN_SWITCH.N_EXT_BSCAN.bscan_switch/m_bscan_runtest[0],
riscv_i/IO/io_axi_s/inst/m00_nodes/m00_ar_node/inst/mi_handler_m_sc_areset_pipe,
riscv_i/IO/io_axi_s/inst/m00_nodes/m00_r_node/inst/mi_handler_m_sc_areset_pipe,
riscv_i/IO/io_axi_s/inst/m00_nodes/m00_w_node/inst/mi_handler_m_sc_areset_pipe,
riscv_i/IO/io_axi_s/inst/m01_nodes/m01_ar_node/inst/mi_handler_m_sc_areset_pipe,
riscv_i/IO/io_axi_s/inst/m01_nodes/m01_aw_node/inst/mi_handler_m_sc_areset_pipe,
riscv_i/IO/io_axi_s/inst/m01_nodes/m01_b_node/inst/mi_handler_m_sc_areset_pipe,
riscv_i/IO/io_axi_s/inst/m01_nodes/m01_r_node/inst/mi_handler_m_sc_areset_pipe,
riscv_i/IO/io_axi_s/inst/m01_nodes/m01_w_node/inst/mi_handler_m_sc_areset_pipe,
riscv_i/IO/io_axi_s/inst/s00_nodes/s00_ar_node/inst/mi_handler_m_sc_areset_pipe,
riscv_i/IO/io_axi_s/inst/s00_nodes/s00_aw_node/inst/mi_handler_m_sc_areset_pipe,
riscv_i/IO/io_axi_s/inst/s00_nodes/s00_b_node/inst/mi_handler_m_sc_areset_pipe,
riscv_i/IO/io_axi_s/inst/s00_nodes/s00_r_node/inst/mi_handler_m_sc_areset_pipe,
riscv_i/IO/io_axi_s/inst/s00_nodes/s00_w_node/inst/mi_handler_m_sc_areset_pipe
 (the first 15 of 25 listed nets/buses).
Related violations: <none>


