
*** Running vivado
    with args -log riscv_clk_wiz_0_0.vds -m64 -product Vivado -mode batch -messageDb vivado.pb -notrace -source riscv_clk_wiz_0_0.tcl


****** Vivado v2022.1 (64-bit)
  **** SW Build 3526262 on Mon Apr 18 15:47:01 MDT 2022
  **** IP Build 3524634 on Mon Apr 18 20:55:01 MDT 2022
    ** Copyright 1986-2022 Xilinx, Inc. All Rights Reserved.

source riscv_clk_wiz_0_0.tcl -notrace
create_project: Time (s): cpu = 00:00:09 ; elapsed = 00:00:07 . Memory (MB): peak = 2612.703 ; gain = 8.930 ; free physical = 7128 ; free virtual = 9557
Command: synth_design -top riscv_clk_wiz_0_0 -part xc7a100tfgg676-2 -incremental_mode off -mode out_of_context
Starting synth_design
Attempting to get a license for feature 'Synthesis' and/or device 'xc7a100t'
INFO: [Common 17-349] Got license for feature 'Synthesis' and/or device 'xc7a100t'
INFO: [Device 21-403] Loading part xc7a100tfgg676-2
INFO: [Synth 8-7079] Multithreading enabled for synth_design using a maximum of 4 processes.
INFO: [Synth 8-7078] Launching helper process for spawning children vivado processes
INFO: [Synth 8-7075] Helper process launched with PID 194815
WARNING: [Synth 8-9501] generate block is allowed only inside loop and conditional generate in SystemVerilog mode [/home/imocanu/Xilinx/Vivado/2022.1/data/ip/xpm/xpm_fifo/hdl/xpm_fifo.sv:4023]
---------------------------------------------------------------------------------
Starting RTL Elaboration : Time (s): cpu = 00:00:04 ; elapsed = 00:00:04 . Memory (MB): peak = 2612.703 ; gain = 0.000 ; free physical = 5308 ; free virtual = 7748
---------------------------------------------------------------------------------
INFO: [Synth 8-6157] synthesizing module 'riscv_clk_wiz_0_0' [/home/imocanu/Public/Vivado_proj/for_RISCV/riscv-ml/vivado_proj/riscv-ml/riscv-ml.gen/sources_1/bd/riscv/ip/riscv_clk_wiz_0_0/riscv_clk_wiz_0_0.v:71]
INFO: [Synth 8-6157] synthesizing module 'riscv_clk_wiz_0_0_clk_wiz' [/home/imocanu/Public/Vivado_proj/for_RISCV/riscv-ml/vivado_proj/riscv-ml/riscv-ml.gen/sources_1/bd/riscv/ip/riscv_clk_wiz_0_0/riscv_clk_wiz_0_0_clk_wiz.v:71]
INFO: [Synth 8-6157] synthesizing module 'IBUF' [/home/imocanu/Xilinx/Vivado/2022.1/scripts/rt/data/unisim_comp.v:55203]
INFO: [Synth 8-6155] done synthesizing module 'IBUF' (0#1) [/home/imocanu/Xilinx/Vivado/2022.1/scripts/rt/data/unisim_comp.v:55203]
INFO: [Synth 8-6157] synthesizing module 'MMCME2_ADV' [/home/imocanu/Xilinx/Vivado/2022.1/scripts/rt/data/unisim_comp.v:63509]
	Parameter BANDWIDTH bound to: OPTIMIZED - type: string 
	Parameter CLKFBOUT_MULT_F bound to: 20.000000 - type: double 
	Parameter CLKFBOUT_PHASE bound to: 0.000000 - type: double 
	Parameter CLKFBOUT_USE_FINE_PS bound to: FALSE - type: string 
	Parameter CLKIN1_PERIOD bound to: 20.000000 - type: double 
	Parameter CLKOUT0_DIVIDE_F bound to: 12.500000 - type: double 
	Parameter CLKOUT0_DUTY_CYCLE bound to: 0.500000 - type: double 
	Parameter CLKOUT0_PHASE bound to: 0.000000 - type: double 
	Parameter CLKOUT0_USE_FINE_PS bound to: FALSE - type: string 
	Parameter CLKOUT1_DIVIDE bound to: 5 - type: integer 
	Parameter CLKOUT1_DUTY_CYCLE bound to: 0.500000 - type: double 
	Parameter CLKOUT1_PHASE bound to: 0.000000 - type: double 
	Parameter CLKOUT1_USE_FINE_PS bound to: FALSE - type: string 
	Parameter CLKOUT2_DIVIDE bound to: 10 - type: integer 
	Parameter CLKOUT2_DUTY_CYCLE bound to: 0.500000 - type: double 
	Parameter CLKOUT2_PHASE bound to: 0.000000 - type: double 
	Parameter CLKOUT2_USE_FINE_PS bound to: FALSE - type: string 
	Parameter CLKOUT3_DIVIDE bound to: 6 - type: integer 
	Parameter CLKOUT3_DUTY_CYCLE bound to: 0.500000 - type: double 
	Parameter CLKOUT3_PHASE bound to: 0.000000 - type: double 
	Parameter CLKOUT3_USE_FINE_PS bound to: FALSE - type: string 
	Parameter CLKOUT4_CASCADE bound to: FALSE - type: string 
	Parameter COMPENSATION bound to: ZHOLD - type: string 
	Parameter DIVCLK_DIVIDE bound to: 1 - type: integer 
	Parameter STARTUP_WAIT bound to: FALSE - type: string 
INFO: [Synth 8-6155] done synthesizing module 'MMCME2_ADV' (0#1) [/home/imocanu/Xilinx/Vivado/2022.1/scripts/rt/data/unisim_comp.v:63509]
INFO: [Synth 8-6157] synthesizing module 'BUFG' [/home/imocanu/Xilinx/Vivado/2022.1/scripts/rt/data/unisim_comp.v:1082]
INFO: [Synth 8-6155] done synthesizing module 'BUFG' (0#1) [/home/imocanu/Xilinx/Vivado/2022.1/scripts/rt/data/unisim_comp.v:1082]
INFO: [Synth 8-6155] done synthesizing module 'riscv_clk_wiz_0_0_clk_wiz' (0#1) [/home/imocanu/Public/Vivado_proj/for_RISCV/riscv-ml/vivado_proj/riscv-ml/riscv-ml.gen/sources_1/bd/riscv/ip/riscv_clk_wiz_0_0/riscv_clk_wiz_0_0_clk_wiz.v:71]
INFO: [Synth 8-6155] done synthesizing module 'riscv_clk_wiz_0_0' (0#1) [/home/imocanu/Public/Vivado_proj/for_RISCV/riscv-ml/vivado_proj/riscv-ml/riscv-ml.gen/sources_1/bd/riscv/ip/riscv_clk_wiz_0_0/riscv_clk_wiz_0_0.v:71]
---------------------------------------------------------------------------------
Finished RTL Elaboration : Time (s): cpu = 00:00:05 ; elapsed = 00:00:06 . Memory (MB): peak = 2612.703 ; gain = 0.000 ; free physical = 6404 ; free virtual = 8848
---------------------------------------------------------------------------------
---------------------------------------------------------------------------------
Start Handling Custom Attributes
---------------------------------------------------------------------------------
---------------------------------------------------------------------------------
Finished Handling Custom Attributes : Time (s): cpu = 00:00:05 ; elapsed = 00:00:06 . Memory (MB): peak = 2612.703 ; gain = 0.000 ; free physical = 6404 ; free virtual = 8848
---------------------------------------------------------------------------------
---------------------------------------------------------------------------------
Finished RTL Optimization Phase 1 : Time (s): cpu = 00:00:05 ; elapsed = 00:00:06 . Memory (MB): peak = 2612.703 ; gain = 0.000 ; free physical = 6404 ; free virtual = 8848
---------------------------------------------------------------------------------
Netlist sorting complete. Time (s): cpu = 00:00:00 ; elapsed = 00:00:00.01 . Memory (MB): peak = 2612.703 ; gain = 0.000 ; free physical = 6397 ; free virtual = 8841
INFO: [Netlist 29-17] Analyzing 1 Unisim elements for replacement
INFO: [Netlist 29-28] Unisim Transformation completed in 0 CPU seconds
INFO: [Project 1-570] Preparing netlist for logic optimization

Processing XDC Constraints
Initializing timing engine
Parsing XDC File [/home/imocanu/Public/Vivado_proj/for_RISCV/riscv-ml/vivado_proj/riscv-ml/riscv-ml.gen/sources_1/bd/riscv/ip/riscv_clk_wiz_0_0/riscv_clk_wiz_0_0_ooc.xdc] for cell 'inst'
Finished Parsing XDC File [/home/imocanu/Public/Vivado_proj/for_RISCV/riscv-ml/vivado_proj/riscv-ml/riscv-ml.gen/sources_1/bd/riscv/ip/riscv_clk_wiz_0_0/riscv_clk_wiz_0_0_ooc.xdc] for cell 'inst'
Parsing XDC File [/home/imocanu/Public/Vivado_proj/for_RISCV/riscv-ml/vivado_proj/riscv-ml/riscv-ml.gen/sources_1/bd/riscv/ip/riscv_clk_wiz_0_0/riscv_clk_wiz_0_0_board.xdc] for cell 'inst'
Finished Parsing XDC File [/home/imocanu/Public/Vivado_proj/for_RISCV/riscv-ml/vivado_proj/riscv-ml/riscv-ml.gen/sources_1/bd/riscv/ip/riscv_clk_wiz_0_0/riscv_clk_wiz_0_0_board.xdc] for cell 'inst'
Parsing XDC File [/home/imocanu/Public/Vivado_proj/for_RISCV/riscv-ml/vivado_proj/riscv-ml/riscv-ml.gen/sources_1/bd/riscv/ip/riscv_clk_wiz_0_0/riscv_clk_wiz_0_0.xdc] for cell 'inst'
Finished Parsing XDC File [/home/imocanu/Public/Vivado_proj/for_RISCV/riscv-ml/vivado_proj/riscv-ml/riscv-ml.gen/sources_1/bd/riscv/ip/riscv_clk_wiz_0_0/riscv_clk_wiz_0_0.xdc] for cell 'inst'
INFO: [Project 1-236] Implementation specific constraints were found while reading constraint file [/home/imocanu/Public/Vivado_proj/for_RISCV/riscv-ml/vivado_proj/riscv-ml/riscv-ml.gen/sources_1/bd/riscv/ip/riscv_clk_wiz_0_0/riscv_clk_wiz_0_0.xdc]. These constraints will be ignored for synthesis but will be used in implementation. Impacted constraints are listed in the file [.Xil/riscv_clk_wiz_0_0_propImpl.xdc].
Resolution: To avoid this warning, move constraints listed in [.Xil/riscv_clk_wiz_0_0_propImpl.xdc] to another XDC file and exclude this new file from synthesis with the used_in_synthesis property (File Properties dialog in GUI) and re-run elaboration/synthesis.
INFO: [Timing 38-2] Deriving generated clocks
Parsing XDC File [/home/imocanu/Public/Vivado_proj/for_RISCV/riscv-ml/vivado_proj/riscv-ml/riscv-ml.runs/riscv_clk_wiz_0_0_synth_1/dont_touch.xdc]
Finished Parsing XDC File [/home/imocanu/Public/Vivado_proj/for_RISCV/riscv-ml/vivado_proj/riscv-ml/riscv-ml.runs/riscv_clk_wiz_0_0_synth_1/dont_touch.xdc]
Completed Processing XDC Constraints

Netlist sorting complete. Time (s): cpu = 00:00:00 ; elapsed = 00:00:00 . Memory (MB): peak = 2676.734 ; gain = 0.000 ; free physical = 6321 ; free virtual = 8767
INFO: [Project 1-111] Unisim Transformation Summary:
No Unisim elements were transformed.

Constraint Validation Runtime : Time (s): cpu = 00:00:00.01 ; elapsed = 00:00:00.01 . Memory (MB): peak = 2676.734 ; gain = 0.000 ; free physical = 6321 ; free virtual = 8767
INFO: [Designutils 20-5008] Incremental synthesis strategy off
---------------------------------------------------------------------------------
Finished Constraint Validation : Time (s): cpu = 00:00:11 ; elapsed = 00:00:12 . Memory (MB): peak = 2676.734 ; gain = 64.031 ; free physical = 6383 ; free virtual = 8829
---------------------------------------------------------------------------------
---------------------------------------------------------------------------------
Start Loading Part and Timing Information
---------------------------------------------------------------------------------
Loading part: xc7a100tfgg676-2
---------------------------------------------------------------------------------
Finished Loading Part and Timing Information : Time (s): cpu = 00:00:11 ; elapsed = 00:00:12 . Memory (MB): peak = 2676.734 ; gain = 64.031 ; free physical = 6383 ; free virtual = 8829
---------------------------------------------------------------------------------
---------------------------------------------------------------------------------
Start Applying 'set_property' XDC Constraints
---------------------------------------------------------------------------------
Applied set_property KEEP_HIERARCHY = SOFT for inst. (constraint file  /home/imocanu/Public/Vivado_proj/for_RISCV/riscv-ml/vivado_proj/riscv-ml/riscv-ml.runs/riscv_clk_wiz_0_0_synth_1/dont_touch.xdc, line 9).
Applied set_property KEEP = true for clk_in1. (constraint file  auto generated constraint).
---------------------------------------------------------------------------------
Finished applying 'set_property' XDC Constraints : Time (s): cpu = 00:00:11 ; elapsed = 00:00:12 . Memory (MB): peak = 2676.734 ; gain = 64.031 ; free physical = 6383 ; free virtual = 8829
---------------------------------------------------------------------------------
---------------------------------------------------------------------------------
Finished RTL Optimization Phase 2 : Time (s): cpu = 00:00:11 ; elapsed = 00:00:12 . Memory (MB): peak = 2676.734 ; gain = 64.031 ; free physical = 6382 ; free virtual = 8829
---------------------------------------------------------------------------------
---------------------------------------------------------------------------------
Start RTL Component Statistics 
---------------------------------------------------------------------------------
Detailed RTL Component Info : 
---------------------------------------------------------------------------------
Finished RTL Component Statistics 
---------------------------------------------------------------------------------
---------------------------------------------------------------------------------
Start Part Resource Summary
---------------------------------------------------------------------------------
Part Resources:
DSPs: 240 (col length:80)
BRAMs: 270 (col length: RAMB18 80 RAMB36 40)
---------------------------------------------------------------------------------
Finished Part Resource Summary
---------------------------------------------------------------------------------
---------------------------------------------------------------------------------
Start Cross Boundary and Area Optimization
---------------------------------------------------------------------------------
WARNING: [Synth 8-7080] Parallel synthesis criteria is not met
---------------------------------------------------------------------------------
Finished Cross Boundary and Area Optimization : Time (s): cpu = 00:00:12 ; elapsed = 00:00:13 . Memory (MB): peak = 2676.734 ; gain = 64.031 ; free physical = 6378 ; free virtual = 8829
---------------------------------------------------------------------------------
---------------------------------------------------------------------------------
Start Applying XDC Timing Constraints
---------------------------------------------------------------------------------
---------------------------------------------------------------------------------
Finished Applying XDC Timing Constraints : Time (s): cpu = 00:00:17 ; elapsed = 00:00:18 . Memory (MB): peak = 2676.734 ; gain = 64.031 ; free physical = 6264 ; free virtual = 8716
---------------------------------------------------------------------------------
---------------------------------------------------------------------------------
Start Timing Optimization
---------------------------------------------------------------------------------
---------------------------------------------------------------------------------
Finished Timing Optimization : Time (s): cpu = 00:00:17 ; elapsed = 00:00:18 . Memory (MB): peak = 2676.734 ; gain = 64.031 ; free physical = 6264 ; free virtual = 8716
---------------------------------------------------------------------------------
---------------------------------------------------------------------------------
Start Technology Mapping
---------------------------------------------------------------------------------
---------------------------------------------------------------------------------
Finished Technology Mapping : Time (s): cpu = 00:00:17 ; elapsed = 00:00:18 . Memory (MB): peak = 2676.734 ; gain = 64.031 ; free physical = 6256 ; free virtual = 8708
---------------------------------------------------------------------------------
---------------------------------------------------------------------------------
Start IO Insertion
---------------------------------------------------------------------------------
---------------------------------------------------------------------------------
Start Flattening Before IO Insertion
---------------------------------------------------------------------------------
---------------------------------------------------------------------------------
Finished Flattening Before IO Insertion
---------------------------------------------------------------------------------
---------------------------------------------------------------------------------
Start Final Netlist Cleanup
---------------------------------------------------------------------------------
---------------------------------------------------------------------------------
Finished Final Netlist Cleanup
---------------------------------------------------------------------------------
---------------------------------------------------------------------------------
Finished IO Insertion : Time (s): cpu = 00:00:20 ; elapsed = 00:00:21 . Memory (MB): peak = 2676.734 ; gain = 64.031 ; free physical = 6257 ; free virtual = 8707
---------------------------------------------------------------------------------
---------------------------------------------------------------------------------
Start Renaming Generated Instances
---------------------------------------------------------------------------------
---------------------------------------------------------------------------------
Finished Renaming Generated Instances : Time (s): cpu = 00:00:20 ; elapsed = 00:00:21 . Memory (MB): peak = 2676.734 ; gain = 64.031 ; free physical = 6257 ; free virtual = 8707
---------------------------------------------------------------------------------
---------------------------------------------------------------------------------
Start Rebuilding User Hierarchy
---------------------------------------------------------------------------------
---------------------------------------------------------------------------------
Finished Rebuilding User Hierarchy : Time (s): cpu = 00:00:20 ; elapsed = 00:00:21 . Memory (MB): peak = 2676.734 ; gain = 64.031 ; free physical = 6257 ; free virtual = 8707
---------------------------------------------------------------------------------
---------------------------------------------------------------------------------
Start Renaming Generated Ports
---------------------------------------------------------------------------------
---------------------------------------------------------------------------------
Finished Renaming Generated Ports : Time (s): cpu = 00:00:20 ; elapsed = 00:00:21 . Memory (MB): peak = 2676.734 ; gain = 64.031 ; free physical = 6257 ; free virtual = 8707
---------------------------------------------------------------------------------
---------------------------------------------------------------------------------
Start Handling Custom Attributes
---------------------------------------------------------------------------------
---------------------------------------------------------------------------------
Finished Handling Custom Attributes : Time (s): cpu = 00:00:20 ; elapsed = 00:00:21 . Memory (MB): peak = 2676.734 ; gain = 64.031 ; free physical = 6257 ; free virtual = 8707
---------------------------------------------------------------------------------
---------------------------------------------------------------------------------
Start Renaming Generated Nets
---------------------------------------------------------------------------------
---------------------------------------------------------------------------------
Finished Renaming Generated Nets : Time (s): cpu = 00:00:20 ; elapsed = 00:00:21 . Memory (MB): peak = 2676.734 ; gain = 64.031 ; free physical = 6257 ; free virtual = 8707
---------------------------------------------------------------------------------
---------------------------------------------------------------------------------
Start Writing Synthesis Report
---------------------------------------------------------------------------------

Report BlackBoxes: 
+-+--------------+----------+
| |BlackBox name |Instances |
+-+--------------+----------+
+-+--------------+----------+

Report Cell Usage: 
+------+-----------+------+
|      |Cell       |Count |
+------+-----------+------+
|1     |BUFG       |     5|
|2     |MMCME2_ADV |     1|
|3     |IBUF       |     1|
+------+-----------+------+
---------------------------------------------------------------------------------
Finished Writing Synthesis Report : Time (s): cpu = 00:00:20 ; elapsed = 00:00:21 . Memory (MB): peak = 2676.734 ; gain = 64.031 ; free physical = 6257 ; free virtual = 8707
---------------------------------------------------------------------------------
Synthesis finished with 0 errors, 0 critical warnings and 1 warnings.
Synthesis Optimization Runtime : Time (s): cpu = 00:00:19 ; elapsed = 00:00:19 . Memory (MB): peak = 2676.734 ; gain = 0.000 ; free physical = 6308 ; free virtual = 8758
Synthesis Optimization Complete : Time (s): cpu = 00:00:20 ; elapsed = 00:00:21 . Memory (MB): peak = 2676.734 ; gain = 64.031 ; free physical = 6308 ; free virtual = 8758
INFO: [Project 1-571] Translating synthesized netlist
Netlist sorting complete. Time (s): cpu = 00:00:00 ; elapsed = 00:00:00 . Memory (MB): peak = 2676.734 ; gain = 0.000 ; free physical = 6301 ; free virtual = 8752
INFO: [Netlist 29-17] Analyzing 1 Unisim elements for replacement
INFO: [Netlist 29-28] Unisim Transformation completed in 0 CPU seconds
INFO: [Project 1-570] Preparing netlist for logic optimization
INFO: [Opt 31-138] Pushed 0 inverter(s) to 0 load pin(s).
Netlist sorting complete. Time (s): cpu = 00:00:00 ; elapsed = 00:00:00 . Memory (MB): peak = 2676.734 ; gain = 0.000 ; free physical = 6345 ; free virtual = 8795
INFO: [Project 1-111] Unisim Transformation Summary:
No Unisim elements were transformed.

Synth Design complete, checksum: 56d3dd00
INFO: [Common 17-83] Releasing license: Synthesis
29 Infos, 2 Warnings, 0 Critical Warnings and 0 Errors encountered.
synth_design completed successfully
synth_design: Time (s): cpu = 00:00:29 ; elapsed = 00:00:25 . Memory (MB): peak = 2676.734 ; gain = 64.031 ; free physical = 6542 ; free virtual = 8993
INFO: [Common 17-1381] The checkpoint '/home/imocanu/Public/Vivado_proj/for_RISCV/riscv-ml/vivado_proj/riscv-ml/riscv-ml.runs/riscv_clk_wiz_0_0_synth_1/riscv_clk_wiz_0_0.dcp' has been generated.
INFO: [Coretcl 2-1648] Added synthesis output to IP cache for IP riscv_clk_wiz_0_0, cache-ID = ed0807c09ef30ef9
INFO: [Common 17-1381] The checkpoint '/home/imocanu/Public/Vivado_proj/for_RISCV/riscv-ml/vivado_proj/riscv-ml/riscv-ml.runs/riscv_clk_wiz_0_0_synth_1/riscv_clk_wiz_0_0.dcp' has been generated.
INFO: [runtcl-4] Executing : report_utilization -file riscv_clk_wiz_0_0_utilization_synth.rpt -pb riscv_clk_wiz_0_0_utilization_synth.pb
INFO: [Common 17-206] Exiting Vivado at Sat Jun 25 19:05:15 2022...
