
*** Running vivado
    with args -log riscv_UART_0.vds -m64 -product Vivado -mode batch -messageDb vivado.pb -notrace -source riscv_UART_0.tcl


****** Vivado v2022.1 (64-bit)
  **** SW Build 3526262 on Mon Apr 18 15:47:01 MDT 2022
  **** IP Build 3524634 on Mon Apr 18 20:55:01 MDT 2022
    ** Copyright 1986-2022 Xilinx, Inc. All Rights Reserved.

source riscv_UART_0.tcl -notrace
create_project: Time (s): cpu = 00:00:11 ; elapsed = 00:00:08 . Memory (MB): peak = 2610.738 ; gain = 5.961 ; free physical = 1833 ; free virtual = 4728
INFO: [IP_Flow 19-234] Refreshing IP repositories
INFO: [IP_Flow 19-1704] No user IP repositories specified
INFO: [IP_Flow 19-2313] Loaded Vivado IP repository '/home/imocanu/Xilinx/Vivado/2022.1/data/ip'.
Command: synth_design -top riscv_UART_0 -part xc7a100tfgg676-2 -incremental_mode off -mode out_of_context
Starting synth_design
Attempting to get a license for feature 'Synthesis' and/or device 'xc7a100t'
INFO: [Common 17-349] Got license for feature 'Synthesis' and/or device 'xc7a100t'
INFO: [Device 21-403] Loading part xc7a100tfgg676-2
INFO: [Synth 8-7079] Multithreading enabled for synth_design using a maximum of 4 processes.
INFO: [Synth 8-7078] Launching helper process for spawning children vivado processes
INFO: [Synth 8-7075] Helper process launched with PID 192174
WARNING: [Synth 8-9501] generate block is allowed only inside loop and conditional generate in SystemVerilog mode [/home/imocanu/Xilinx/Vivado/2022.1/data/ip/xpm/xpm_fifo/hdl/xpm_fifo.sv:4023]
---------------------------------------------------------------------------------
Starting RTL Elaboration : Time (s): cpu = 00:00:04 ; elapsed = 00:00:05 . Memory (MB): peak = 2610.738 ; gain = 0.000 ; free physical = 192 ; free virtual = 3088
---------------------------------------------------------------------------------
INFO: [Synth 8-6157] synthesizing module 'riscv_UART_0' [/home/imocanu/Public/Vivado_proj/for_RISCV/riscv-ml/vivado_proj/riscv-ml/riscv-ml.gen/sources_1/bd/riscv/ip/riscv_UART_0/synth/riscv_UART_0.v:53]
INFO: [Synth 8-6157] synthesizing module 'uart' [/home/imocanu/Public/Vivado_proj/for_RISCV/riscv-ml/vivado_proj/ip_rtl/uart/uart.v:25]
INFO: [Synth 8-155] case statement is not full and has no default [/home/imocanu/Public/Vivado_proj/for_RISCV/riscv-ml/vivado_proj/ip_rtl/uart/uart.v:178]
INFO: [Synth 8-155] case statement is not full and has no default [/home/imocanu/Public/Vivado_proj/for_RISCV/riscv-ml/vivado_proj/ip_rtl/uart/uart.v:210]
INFO: [Synth 8-155] case statement is not full and has no default [/home/imocanu/Public/Vivado_proj/for_RISCV/riscv-ml/vivado_proj/ip_rtl/uart/uart.v:281]
INFO: [Synth 8-155] case statement is not full and has no default [/home/imocanu/Public/Vivado_proj/for_RISCV/riscv-ml/vivado_proj/ip_rtl/uart/uart.v:303]
INFO: [Synth 8-6155] done synthesizing module 'uart' (0#1) [/home/imocanu/Public/Vivado_proj/for_RISCV/riscv-ml/vivado_proj/ip_rtl/uart/uart.v:25]
INFO: [Synth 8-6155] done synthesizing module 'riscv_UART_0' (0#1) [/home/imocanu/Public/Vivado_proj/for_RISCV/riscv-ml/vivado_proj/riscv-ml/riscv-ml.gen/sources_1/bd/riscv/ip/riscv_UART_0/synth/riscv_UART_0.v:53]
---------------------------------------------------------------------------------
Finished RTL Elaboration : Time (s): cpu = 00:00:06 ; elapsed = 00:00:06 . Memory (MB): peak = 2610.738 ; gain = 0.000 ; free physical = 1318 ; free virtual = 4184
---------------------------------------------------------------------------------
---------------------------------------------------------------------------------
Start Handling Custom Attributes
---------------------------------------------------------------------------------
---------------------------------------------------------------------------------
Finished Handling Custom Attributes : Time (s): cpu = 00:00:06 ; elapsed = 00:00:06 . Memory (MB): peak = 2610.738 ; gain = 0.000 ; free physical = 1318 ; free virtual = 4184
---------------------------------------------------------------------------------
---------------------------------------------------------------------------------
Finished RTL Optimization Phase 1 : Time (s): cpu = 00:00:06 ; elapsed = 00:00:06 . Memory (MB): peak = 2610.738 ; gain = 0.000 ; free physical = 1318 ; free virtual = 4184
---------------------------------------------------------------------------------
Netlist sorting complete. Time (s): cpu = 00:00:00 ; elapsed = 00:00:00.01 . Memory (MB): peak = 2610.738 ; gain = 0.000 ; free physical = 1319 ; free virtual = 4184
INFO: [Project 1-570] Preparing netlist for logic optimization

Processing XDC Constraints
Initializing timing engine
Completed Processing XDC Constraints

Netlist sorting complete. Time (s): cpu = 00:00:00 ; elapsed = 00:00:00 . Memory (MB): peak = 2674.770 ; gain = 0.000 ; free physical = 1237 ; free virtual = 4101
INFO: [Project 1-111] Unisim Transformation Summary:
No Unisim elements were transformed.

Constraint Validation Runtime : Time (s): cpu = 00:00:00.02 ; elapsed = 00:00:00.01 . Memory (MB): peak = 2674.770 ; gain = 0.000 ; free physical = 1237 ; free virtual = 4101
INFO: [Designutils 20-5008] Incremental synthesis strategy off
---------------------------------------------------------------------------------
Finished Constraint Validation : Time (s): cpu = 00:00:12 ; elapsed = 00:00:13 . Memory (MB): peak = 2674.770 ; gain = 64.031 ; free physical = 1302 ; free virtual = 4166
---------------------------------------------------------------------------------
---------------------------------------------------------------------------------
Start Loading Part and Timing Information
---------------------------------------------------------------------------------
Loading part: xc7a100tfgg676-2
---------------------------------------------------------------------------------
Finished Loading Part and Timing Information : Time (s): cpu = 00:00:12 ; elapsed = 00:00:13 . Memory (MB): peak = 2674.770 ; gain = 64.031 ; free physical = 1302 ; free virtual = 4166
---------------------------------------------------------------------------------
---------------------------------------------------------------------------------
Start Applying 'set_property' XDC Constraints
---------------------------------------------------------------------------------
---------------------------------------------------------------------------------
Finished applying 'set_property' XDC Constraints : Time (s): cpu = 00:00:12 ; elapsed = 00:00:13 . Memory (MB): peak = 2674.770 ; gain = 64.031 ; free physical = 1302 ; free virtual = 4166
---------------------------------------------------------------------------------
---------------------------------------------------------------------------------
Finished RTL Optimization Phase 2 : Time (s): cpu = 00:00:13 ; elapsed = 00:00:13 . Memory (MB): peak = 2674.770 ; gain = 64.031 ; free physical = 1289 ; free virtual = 4154
---------------------------------------------------------------------------------
---------------------------------------------------------------------------------
Start RTL Component Statistics 
---------------------------------------------------------------------------------
Detailed RTL Component Info : 
+---Adders : 
	   2 Input   16 Bit       Adders := 2     
	   2 Input    4 Bit       Adders := 7     
	   3 Input    4 Bit       Adders := 1     
+---Registers : 
	               32 Bit    Registers := 1     
	               16 Bit    Registers := 4     
	                8 Bit    Registers := 3     
	                4 Bit    Registers := 5     
	                3 Bit    Registers := 1     
	                2 Bit    Registers := 4     
	                1 Bit    Registers := 8     
+---RAMs : 
	              128 Bit	(16 X 8 bit)          RAMs := 2     
+---Muxes : 
	   2 Input   32 Bit        Muxes := 1     
	   4 Input   32 Bit        Muxes := 1     
	   2 Input   16 Bit        Muxes := 3     
	   2 Input    8 Bit        Muxes := 2     
	   3 Input    4 Bit        Muxes := 2     
	   2 Input    4 Bit        Muxes := 5     
	   2 Input    2 Bit        Muxes := 6     
	   4 Input    2 Bit        Muxes := 1     
	   2 Input    1 Bit        Muxes := 15    
	  11 Input    1 Bit        Muxes := 7     
	   4 Input    1 Bit        Muxes := 1     
	   3 Input    1 Bit        Muxes := 5     
---------------------------------------------------------------------------------
Finished RTL Component Statistics 
---------------------------------------------------------------------------------
---------------------------------------------------------------------------------
Start Part Resource Summary
---------------------------------------------------------------------------------
Part Resources:
DSPs: 240 (col length:80)
BRAMs: 270 (col length: RAMB18 80 RAMB36 40)
---------------------------------------------------------------------------------
Finished Part Resource Summary
---------------------------------------------------------------------------------
---------------------------------------------------------------------------------
Start Cross Boundary and Area Optimization
---------------------------------------------------------------------------------
WARNING: [Synth 8-7080] Parallel synthesis criteria is not met
---------------------------------------------------------------------------------
Finished Cross Boundary and Area Optimization : Time (s): cpu = 00:00:15 ; elapsed = 00:00:16 . Memory (MB): peak = 2674.770 ; gain = 64.031 ; free physical = 1266 ; free virtual = 4135
---------------------------------------------------------------------------------
---------------------------------------------------------------------------------
Start ROM, RAM, DSP, Shift Register and Retiming Reporting
---------------------------------------------------------------------------------

Distributed RAM: Preliminary Mapping Report (see note below)
+-------------+-----------------+-----------+----------------------+-------------+
|Module Name  | RTL Object      | Inference | Size (Depth x Width) | Primitives  | 
+-------------+-----------------+-----------+----------------------+-------------+
|riscv_UART_0 | inst/rx_buf_reg | Implied   | 16 x 8               | RAM32M x 2  | 
|riscv_UART_0 | inst/tx_buf_reg | Implied   | 16 x 8               | RAM32M x 2  | 
+-------------+-----------------+-----------+----------------------+-------------+

Note: The table above is a preliminary report that shows the Distributed RAMs at the current stage of the synthesis flow. Some Distributed RAMs may be reimplemented as non Distributed RAM primitives later in the synthesis flow. Multiple instantiated RAMs are reported only once.
---------------------------------------------------------------------------------
Finished ROM, RAM, DSP, Shift Register and Retiming Reporting
---------------------------------------------------------------------------------
---------------------------------------------------------------------------------
Start Applying XDC Timing Constraints
---------------------------------------------------------------------------------
---------------------------------------------------------------------------------
Finished Applying XDC Timing Constraints : Time (s): cpu = 00:00:20 ; elapsed = 00:00:21 . Memory (MB): peak = 2674.770 ; gain = 64.031 ; free physical = 1156 ; free virtual = 4024
---------------------------------------------------------------------------------
---------------------------------------------------------------------------------
Start Timing Optimization
---------------------------------------------------------------------------------
---------------------------------------------------------------------------------
Finished Timing Optimization : Time (s): cpu = 00:00:20 ; elapsed = 00:00:21 . Memory (MB): peak = 2674.770 ; gain = 64.031 ; free physical = 1156 ; free virtual = 4024
---------------------------------------------------------------------------------
---------------------------------------------------------------------------------
Start ROM, RAM, DSP, Shift Register and Retiming Reporting
---------------------------------------------------------------------------------

Distributed RAM: Final Mapping Report
+-------------+-----------------+-----------+----------------------+-------------+
|Module Name  | RTL Object      | Inference | Size (Depth x Width) | Primitives  | 
+-------------+-----------------+-----------+----------------------+-------------+
|riscv_UART_0 | inst/rx_buf_reg | Implied   | 16 x 8               | RAM32M x 2  | 
|riscv_UART_0 | inst/tx_buf_reg | Implied   | 16 x 8               | RAM32M x 2  | 
+-------------+-----------------+-----------+----------------------+-------------+

---------------------------------------------------------------------------------
Finished ROM, RAM, DSP, Shift Register and Retiming Reporting
---------------------------------------------------------------------------------
---------------------------------------------------------------------------------
Start Technology Mapping
---------------------------------------------------------------------------------
---------------------------------------------------------------------------------
Finished Technology Mapping : Time (s): cpu = 00:00:20 ; elapsed = 00:00:21 . Memory (MB): peak = 2674.770 ; gain = 64.031 ; free physical = 1146 ; free virtual = 4015
---------------------------------------------------------------------------------
---------------------------------------------------------------------------------
Start IO Insertion
---------------------------------------------------------------------------------
---------------------------------------------------------------------------------
Start Flattening Before IO Insertion
---------------------------------------------------------------------------------
---------------------------------------------------------------------------------
Finished Flattening Before IO Insertion
---------------------------------------------------------------------------------
---------------------------------------------------------------------------------
Start Final Netlist Cleanup
---------------------------------------------------------------------------------
---------------------------------------------------------------------------------
Finished Final Netlist Cleanup
---------------------------------------------------------------------------------
---------------------------------------------------------------------------------
Finished IO Insertion : Time (s): cpu = 00:00:24 ; elapsed = 00:00:25 . Memory (MB): peak = 2674.770 ; gain = 64.031 ; free physical = 1145 ; free virtual = 4014
---------------------------------------------------------------------------------
---------------------------------------------------------------------------------
Start Renaming Generated Instances
---------------------------------------------------------------------------------
---------------------------------------------------------------------------------
Finished Renaming Generated Instances : Time (s): cpu = 00:00:24 ; elapsed = 00:00:25 . Memory (MB): peak = 2674.770 ; gain = 64.031 ; free physical = 1145 ; free virtual = 4014
---------------------------------------------------------------------------------
---------------------------------------------------------------------------------
Start Rebuilding User Hierarchy
---------------------------------------------------------------------------------
---------------------------------------------------------------------------------
Finished Rebuilding User Hierarchy : Time (s): cpu = 00:00:24 ; elapsed = 00:00:25 . Memory (MB): peak = 2674.770 ; gain = 64.031 ; free physical = 1145 ; free virtual = 4014
---------------------------------------------------------------------------------
---------------------------------------------------------------------------------
Start Renaming Generated Ports
---------------------------------------------------------------------------------
---------------------------------------------------------------------------------
Finished Renaming Generated Ports : Time (s): cpu = 00:00:24 ; elapsed = 00:00:25 . Memory (MB): peak = 2674.770 ; gain = 64.031 ; free physical = 1145 ; free virtual = 4014
---------------------------------------------------------------------------------
---------------------------------------------------------------------------------
Start Handling Custom Attributes
---------------------------------------------------------------------------------
---------------------------------------------------------------------------------
Finished Handling Custom Attributes : Time (s): cpu = 00:00:24 ; elapsed = 00:00:25 . Memory (MB): peak = 2674.770 ; gain = 64.031 ; free physical = 1145 ; free virtual = 4014
---------------------------------------------------------------------------------
---------------------------------------------------------------------------------
Start Renaming Generated Nets
---------------------------------------------------------------------------------
---------------------------------------------------------------------------------
Finished Renaming Generated Nets : Time (s): cpu = 00:00:24 ; elapsed = 00:00:25 . Memory (MB): peak = 2674.770 ; gain = 64.031 ; free physical = 1145 ; free virtual = 4014
---------------------------------------------------------------------------------
---------------------------------------------------------------------------------
Start Writing Synthesis Report
---------------------------------------------------------------------------------

Report BlackBoxes: 
+-+--------------+----------+
| |BlackBox name |Instances |
+-+--------------+----------+
+-+--------------+----------+

Report Cell Usage: 
+------+---------+------+
|      |Cell     |Count |
+------+---------+------+
|1     |CARRY4   |     8|
|2     |LUT1     |     5|
|3     |LUT2     |    21|
|4     |LUT3     |    28|
|5     |LUT4     |    36|
|6     |LUT5     |    33|
|7     |LUT6     |    72|
|8     |RAM32M   |     2|
|9     |RAM32X1D |     4|
|10    |FDRE     |   149|
|11    |FDSE     |     3|
+------+---------+------+
---------------------------------------------------------------------------------
Finished Writing Synthesis Report : Time (s): cpu = 00:00:24 ; elapsed = 00:00:25 . Memory (MB): peak = 2674.770 ; gain = 64.031 ; free physical = 1145 ; free virtual = 4014
---------------------------------------------------------------------------------
Synthesis finished with 0 errors, 0 critical warnings and 1 warnings.
Synthesis Optimization Runtime : Time (s): cpu = 00:00:22 ; elapsed = 00:00:23 . Memory (MB): peak = 2674.770 ; gain = 0.000 ; free physical = 1196 ; free virtual = 4065
Synthesis Optimization Complete : Time (s): cpu = 00:00:24 ; elapsed = 00:00:25 . Memory (MB): peak = 2674.770 ; gain = 64.031 ; free physical = 1196 ; free virtual = 4065
INFO: [Project 1-571] Translating synthesized netlist
Netlist sorting complete. Time (s): cpu = 00:00:00 ; elapsed = 00:00:00 . Memory (MB): peak = 2674.770 ; gain = 0.000 ; free physical = 1283 ; free virtual = 4151
INFO: [Netlist 29-17] Analyzing 14 Unisim elements for replacement
INFO: [Netlist 29-28] Unisim Transformation completed in 0 CPU seconds
INFO: [Project 1-570] Preparing netlist for logic optimization
INFO: [Opt 31-138] Pushed 0 inverter(s) to 0 load pin(s).
Netlist sorting complete. Time (s): cpu = 00:00:00 ; elapsed = 00:00:00 . Memory (MB): peak = 2674.770 ; gain = 0.000 ; free physical = 1227 ; free virtual = 4097
INFO: [Project 1-111] Unisim Transformation Summary:
  A total of 6 instances were transformed.
  RAM32M => RAM32M (RAMD32(x6), RAMS32(x2)): 2 instances
  RAM32X1D => RAM32X1D (RAMD32(x2)): 4 instances

Synth Design complete, checksum: c21126b1
INFO: [Common 17-83] Releasing license: Synthesis
26 Infos, 2 Warnings, 0 Critical Warnings and 0 Errors encountered.
synth_design completed successfully
synth_design: Time (s): cpu = 00:00:33 ; elapsed = 00:00:29 . Memory (MB): peak = 2674.770 ; gain = 64.031 ; free physical = 1441 ; free virtual = 4311
INFO: [Common 17-1381] The checkpoint '/home/imocanu/Public/Vivado_proj/for_RISCV/riscv-ml/vivado_proj/riscv-ml/riscv-ml.runs/riscv_UART_0_synth_1/riscv_UART_0.dcp' has been generated.
INFO: [Coretcl 2-1648] Added synthesis output to IP cache for IP riscv_UART_0, cache-ID = c66654ef2cfcd1f5
INFO: [Common 17-1381] The checkpoint '/home/imocanu/Public/Vivado_proj/for_RISCV/riscv-ml/vivado_proj/riscv-ml/riscv-ml.runs/riscv_UART_0_synth_1/riscv_UART_0.dcp' has been generated.
INFO: [runtcl-4] Executing : report_utilization -file riscv_UART_0_utilization_synth.rpt -pb riscv_UART_0_utilization_synth.pb
INFO: [Common 17-206] Exiting Vivado at Sat Jun 25 18:52:00 2022...
